[2019-06-13 14:22:41] UTN FRA LOGGER.INFO: ::1 [] {"uid":"ecfba35"}
[2019-06-13 14:23:14] UTN FRA LOGGER.INFO: ip :::1 [] {"uid":"f1af206"}
[2019-06-13 14:31:21] UTN FRA LOGGER.INFO: info  =Mozilla/5.0 (X11; Linux x86_64) AppleWebKit/537.36 (KHTML, like Gecko) Chrome/73.0.3683.86 Safari/537.36 [] {"uid":"2676799"}
[2019-06-13 14:31:21] UTN FRA LOGGER.INFO: ip =::1 [] {"uid":"2676799"}
[2019-06-13 14:33:01] UTN FRA LOGGER.INFO: info  =PostmanRuntime/7.1.1 [] {"uid":"1c0e970"}
[2019-06-13 14:33:01] UTN FRA LOGGER.INFO: ip =::1 [] {"uid":"1c0e970"}
[2019-06-13 14:33:04] UTN FRA LOGGER.INFO: info  =PostmanRuntime/7.1.1 [] {"uid":"e0a490b"}
[2019-06-13 14:33:04] UTN FRA LOGGER.INFO: ip =::1 [] {"uid":"e0a490b"}
[2019-06-13 14:33:08] UTN FRA LOGGER.INFO: info  =PostmanRuntime/7.1.1 [] {"uid":"5792b8b"}
[2019-06-13 14:33:08] UTN FRA LOGGER.INFO: ip =::1 [] {"uid":"5792b8b"}
[2019-06-13 14:33:14] UTN FRA LOGGER.INFO: info  =PostmanRuntime/7.1.1 [] {"uid":"c3f3041"}
[2019-06-13 14:33:14] UTN FRA LOGGER.INFO: ip =::1 [] {"uid":"c3f3041"}
[2019-06-13 14:41:27] UTN FRA LOGGER.INFO: info  =Mozilla/5.0 (X11; Linux x86_64; rv:60.0) Gecko/20100101 Firefox/60.0 [] {"uid":"d971c69"}
[2019-06-13 14:41:27] UTN FRA LOGGER.INFO: ip =127.0.0.1 [] {"uid":"d971c69"}
[2019-06-13 14:46:20] UTN FRA LOGGER.INFO: info  =Mozilla/5.0 (X11; Linux x86_64; rv:60.0) Gecko/20100101 Firefox/60.0 [] {"uid":"01737b9"}
[2019-06-13 14:46:20] UTN FRA LOGGER.INFO: ip =127.0.0.1 [] {"uid":"01737b9"}
[2019-06-13 14:48:37] UTN FRA LOGGER.INFO: info  =Mozilla/5.0 (X11; Linux x86_64) AppleWebKit/537.36 (KHTML, like Gecko) Chrome/50.0.2661.76 YaBrowser/16.6.0.6383 (beta) Safari/537.36 [] {"uid":"5d9f7e5"}
[2019-06-13 14:48:37] UTN FRA LOGGER.INFO: ip =::1 [] {"uid":"5d9f7e5"}
[2019-06-13 14:48:52] UTN FRA LOGGER.INFO: info  =Mozilla/5.0 (X11; Linux x86_64) AppleWebKit/537.36 (KHTML, like Gecko) Chrome/50.0.2661.76 YaBrowser/16.6.0.6383 (beta) Safari/537.36 [] {"uid":"f6cdba9"}
[2019-06-13 14:48:52] UTN FRA LOGGER.INFO: ip =::1 [] {"uid":"f6cdba9"}
[2019-06-13 14:48:59] UTN FRA LOGGER.INFO: info  =Mozilla/5.0 (X11; Linux x86_64) AppleWebKit/537.36 (KHTML, like Gecko) Chrome/50.0.2661.76 YaBrowser/16.6.0.6383 (beta) Safari/537.36 [] {"uid":"7fb9fe5"}
[2019-06-13 14:48:59] UTN FRA LOGGER.INFO: ip =::1 [] {"uid":"7fb9fe5"}
[2019-06-13 14:50:12] UTN FRA LOGGER.INFO: info  =Mozilla/5.0 (X11; Linux x86_64) AppleWebKit/537.36 (KHTML, like Gecko) Chrome/71.0.3578.98 Safari/537.36 OPR/58.0.3135.107 [] {"uid":"05adba9"}
[2019-06-13 14:50:13] UTN FRA LOGGER.INFO: ip =::1 [] {"uid":"05adba9"}
[2019-06-13 14:51:49] UTN FRA LOGGER.INFO: info  =Mozilla/5.0 (X11; Linux x86_64) AppleWebKit/537.36 (KHTML, like Gecko) Chrome/73.0.3683.86 Safari/537.36 [] {"uid":"4869fa1"}
[2019-06-13 14:51:49] UTN FRA LOGGER.INFO: ip =::1 [] {"uid":"4869fa1"}
[2019-06-13 14:52:04] UTN FRA LOGGER.INFO: info  =PostmanRuntime/7.1.1 [] {"uid":"955f892"}
[2019-06-13 14:52:04] UTN FRA LOGGER.INFO: ip =::1 [] {"uid":"955f892"}
[2019-06-13 14:52:24] UTN FRA LOGGER.INFO: Datos  =PostmanRuntime/7.1.1 [] {"uid":"3d3557f"}
[2019-06-13 14:52:24] UTN FRA LOGGER.INFO: ip =::1 [] {"uid":"3d3557f"}
[2019-06-13 14:52:34] UTN FRA LOGGER.INFO: Datos  =Mozilla/5.0 (X11; Linux x86_64) AppleWebKit/537.36 (KHTML, like Gecko) Chrome/71.0.3578.98 Safari/537.36 OPR/58.0.3135.107 [] {"uid":"521a87e"}
[2019-06-13 14:52:34] UTN FRA LOGGER.INFO: ip =::1 [] {"uid":"521a87e"}
[2019-06-13 14:54:41] UTN FRA LOGGER.INFO: Datos  =Mozilla/5.0 (X11; Linux x86_64) AppleWebKit/537.36 (KHTML, like Gecko) Chrome/73.0.3683.86 Safari/537.36 [] {"uid":"15b9fd3"}
[2019-06-13 14:54:41] UTN FRA LOGGER.INFO: ip =::1 [] {"uid":"15b9fd3"}
[2019-06-13 15:40:36] UTN FRA LOGGER.INFO: Datos  =Mozilla/5.0 (X11; Linux x86_64) AppleWebKit/537.36 (KHTML, like Gecko) Chrome/73.0.3683.86 Safari/537.36 [] {"uid":"bbb9226"}
[2019-06-13 15:40:36] UTN FRA LOGGER.INFO: ip =::1 [] {"uid":"bbb9226"}
[2019-06-13 15:40:42] UTN FRA LOGGER.INFO: Datos  =Mozilla/5.0 (X11; Linux x86_64) AppleWebKit/537.36 (KHTML, like Gecko) Chrome/73.0.3683.86 Safari/537.36 [] {"uid":"d5105f7"}
[2019-06-13 15:40:42] UTN FRA LOGGER.INFO: ip =::1 [] {"uid":"d5105f7"}
[2019-06-13 15:41:29] UTN FRA LOGGER.INFO: Datos  =Mozilla/5.0 (X11; Linux x86_64) AppleWebKit/537.36 (KHTML, like Gecko) Chrome/73.0.3683.86 Safari/537.36 [] {"uid":"e12c6d8"}
[2019-06-13 15:41:29] UTN FRA LOGGER.INFO: ip =::1 [] {"uid":"e12c6d8"}
[2019-06-13 15:42:30] UTN FRA LOGGER.INFO: Datos  =Mozilla/5.0 (X11; Linux x86_64) AppleWebKit/537.36 (KHTML, like Gecko) Chrome/73.0.3683.86 Safari/537.36 [] {"uid":"36ef6fa"}
[2019-06-13 15:42:30] UTN FRA LOGGER.INFO: ip =::1 [] {"uid":"36ef6fa"}
[2019-06-13 15:45:52] UTN FRA LOGGER.INFO: Datos  =Mozilla/5.0 (X11; Linux x86_64) AppleWebKit/537.36 (KHTML, like Gecko) Chrome/73.0.3683.86 Safari/537.36 [] {"uid":"452e00c"}
[2019-06-13 15:45:52] UTN FRA LOGGER.INFO: ip =::1 [] {"uid":"452e00c"}
[2019-06-13 15:46:48] UTN FRA LOGGER.INFO: Datos  =Mozilla/5.0 (X11; Linux x86_64) AppleWebKit/537.36 (KHTML, like Gecko) Chrome/73.0.3683.86 Safari/537.36 [] {"uid":"accaf17"}
[2019-06-13 15:46:48] UTN FRA LOGGER.INFO: ip =::1 [] {"uid":"accaf17"}
[2019-06-13 15:46:49] UTN FRA LOGGER.INFO: Datos  =Mozilla/5.0 (X11; Linux x86_64) AppleWebKit/537.36 (KHTML, like Gecko) Chrome/73.0.3683.86 Safari/537.36 [] {"uid":"2977b9f"}
[2019-06-13 15:46:49] UTN FRA LOGGER.INFO: ip =::1 [] {"uid":"2977b9f"}
[2019-06-13 15:46:50] UTN FRA LOGGER.INFO: Datos  =Mozilla/5.0 (X11; Linux x86_64) AppleWebKit/537.36 (KHTML, like Gecko) Chrome/73.0.3683.86 Safari/537.36 [] {"uid":"5b1fbcd"}
[2019-06-13 15:46:50] UTN FRA LOGGER.INFO: ip =::1 [] {"uid":"5b1fbcd"}
[2019-06-13 15:47:05] UTN FRA LOGGER.INFO: Datos  =Mozilla/5.0 (X11; Linux x86_64) AppleWebKit/537.36 (KHTML, like Gecko) Chrome/73.0.3683.86 Safari/537.36 [] {"uid":"618e906"}
[2019-06-13 15:47:05] UTN FRA LOGGER.INFO: ip =::1 [] {"uid":"618e906"}
[2019-06-13 15:47:10] UTN FRA LOGGER.INFO: Datos  =Mozilla/5.0 (X11; Linux x86_64) AppleWebKit/537.36 (KHTML, like Gecko) Chrome/73.0.3683.86 Safari/537.36 [] {"uid":"e6f850c"}
[2019-06-13 15:47:10] UTN FRA LOGGER.INFO: ip =::1 [] {"uid":"e6f850c"}
[2019-06-13 15:47:16] UTN FRA LOGGER.INFO: Datos  =Mozilla/5.0 (X11; Linux x86_64) AppleWebKit/537.36 (KHTML, like Gecko) Chrome/73.0.3683.86 Safari/537.36 [] {"uid":"6080469"}
[2019-06-13 15:47:16] UTN FRA LOGGER.INFO: ip =::1 [] {"uid":"6080469"}
[2019-06-13 15:47:52] UTN FRA LOGGER.INFO: Datos  =Mozilla/5.0 (X11; Linux x86_64) AppleWebKit/537.36 (KHTML, like Gecko) Chrome/73.0.3683.86 Safari/537.36 [] {"uid":"be829a8"}
[2019-06-13 15:47:52] UTN FRA LOGGER.INFO: ip =::1 [] {"uid":"be829a8"}
[2019-06-13 15:47:55] UTN FRA LOGGER.INFO: Datos  =Mozilla/5.0 (X11; Linux x86_64) AppleWebKit/537.36 (KHTML, like Gecko) Chrome/73.0.3683.86 Safari/537.36 [] {"uid":"8f497ca"}
[2019-06-13 15:47:55] UTN FRA LOGGER.INFO: ip =::1 [] {"uid":"8f497ca"}
[2019-06-13 15:48:12] UTN FRA LOGGER.INFO: Datos  =Mozilla/5.0 (X11; Linux x86_64) AppleWebKit/537.36 (KHTML, like Gecko) Chrome/73.0.3683.86 Safari/537.36 [] {"uid":"9e48c5a"}
[2019-06-13 15:48:12] UTN FRA LOGGER.INFO: ip =::1 [] {"uid":"9e48c5a"}
[2019-06-13 15:48:15] UTN FRA LOGGER.INFO: Datos  =Mozilla/5.0 (X11; Linux x86_64) AppleWebKit/537.36 (KHTML, like Gecko) Chrome/73.0.3683.86 Safari/537.36 [] {"uid":"b916695"}
[2019-06-13 15:48:15] UTN FRA LOGGER.INFO: ip =::1 [] {"uid":"b916695"}
[2019-06-13 15:50:55] UTN FRA LOGGER.INFO: Datos  =Mozilla/5.0 (X11; Linux x86_64) AppleWebKit/537.36 (KHTML, like Gecko) Chrome/73.0.3683.86 Safari/537.36 [] {"uid":"1dd5fc6"}
[2019-06-13 15:50:55] UTN FRA LOGGER.INFO: ip =::1 [] {"uid":"1dd5fc6"}
[2019-06-13 15:51:28] UTN FRA LOGGER.INFO: Datos  =Mozilla/5.0 (X11; Linux x86_64) AppleWebKit/537.36 (KHTML, like Gecko) Chrome/73.0.3683.86 Safari/537.36 [] {"uid":"458c08c"}
[2019-06-13 15:51:28] UTN FRA LOGGER.INFO: ip =::1 [] {"uid":"458c08c"}
[2019-06-13 15:51:33] UTN FRA LOGGER.INFO: Datos  =Mozilla/5.0 (X11; Linux x86_64) AppleWebKit/537.36 (KHTML, like Gecko) Chrome/73.0.3683.86 Safari/537.36 [] {"uid":"c57b200"}
[2019-06-13 15:51:33] UTN FRA LOGGER.INFO: ip =::1 [] {"uid":"c57b200"}
[2019-06-13 15:53:23] UTN FRA LOGGER.INFO: Datos  =Mozilla/5.0 (X11; Linux x86_64) AppleWebKit/537.36 (KHTML, like Gecko) Chrome/73.0.3683.86 Safari/537.36 [] {"uid":"903207f"}
[2019-06-13 15:53:23] UTN FRA LOGGER.INFO: ip =::1 [] {"uid":"903207f"}
[2019-06-13 15:53:26] UTN FRA LOGGER.INFO: Datos  =Mozilla/5.0 (X11; Linux x86_64) AppleWebKit/537.36 (KHTML, like Gecko) Chrome/73.0.3683.86 Safari/537.36 [] {"uid":"3a71660"}
[2019-06-13 15:53:26] UTN FRA LOGGER.INFO: ip =::1 [] {"uid":"3a71660"}
[2019-06-13 15:54:00] UTN FRA LOGGER.INFO: Datos  =Mozilla/5.0 (X11; Linux x86_64) AppleWebKit/537.36 (KHTML, like Gecko) Chrome/73.0.3683.86 Safari/537.36 [] {"uid":"b363313"}
[2019-06-13 15:54:00] UTN FRA LOGGER.INFO: ip =::1 [] {"uid":"b363313"}
[2019-06-13 15:54:01] UTN FRA LOGGER.INFO: Datos  =Mozilla/5.0 (X11; Linux x86_64) AppleWebKit/537.36 (KHTML, like Gecko) Chrome/73.0.3683.86 Safari/537.36 [] {"uid":"a1ab03e"}
[2019-06-13 15:54:01] UTN FRA LOGGER.INFO: ip =::1 [] {"uid":"a1ab03e"}
[2019-06-13 15:54:01] UTN FRA LOGGER.INFO: Datos  =Mozilla/5.0 (X11; Linux x86_64) AppleWebKit/537.36 (KHTML, like Gecko) Chrome/73.0.3683.86 Safari/537.36 [] {"uid":"74bb1fc"}
[2019-06-13 15:54:01] UTN FRA LOGGER.INFO: ip =::1 [] {"uid":"74bb1fc"}
[2019-06-13 15:54:01] UTN FRA LOGGER.INFO: Datos  =Mozilla/5.0 (X11; Linux x86_64) AppleWebKit/537.36 (KHTML, like Gecko) Chrome/73.0.3683.86 Safari/537.36 [] {"uid":"e07b9d7"}
[2019-06-13 15:54:01] UTN FRA LOGGER.INFO: ip =::1 [] {"uid":"e07b9d7"}
[2019-06-13 15:54:01] UTN FRA LOGGER.INFO: Datos  =Mozilla/5.0 (X11; Linux x86_64) AppleWebKit/537.36 (KHTML, like Gecko) Chrome/73.0.3683.86 Safari/537.36 [] {"uid":"b3e7a0b"}
[2019-06-13 15:54:01] UTN FRA LOGGER.INFO: ip =::1 [] {"uid":"b3e7a0b"}
[2019-06-13 15:54:02] UTN FRA LOGGER.INFO: Datos  =Mozilla/5.0 (X11; Linux x86_64) AppleWebKit/537.36 (KHTML, like Gecko) Chrome/73.0.3683.86 Safari/537.36 [] {"uid":"e6fa77e"}
[2019-06-13 15:54:02] UTN FRA LOGGER.INFO: ip =::1 [] {"uid":"e6fa77e"}
[2019-06-13 15:54:02] UTN FRA LOGGER.INFO: Datos  =Mozilla/5.0 (X11; Linux x86_64) AppleWebKit/537.36 (KHTML, like Gecko) Chrome/73.0.3683.86 Safari/537.36 [] {"uid":"262fbd8"}
[2019-06-13 15:54:02] UTN FRA LOGGER.INFO: ip =::1 [] {"uid":"262fbd8"}
[2019-06-13 15:54:29] UTN FRA LOGGER.INFO: Datos  =Mozilla/5.0 (X11; Linux x86_64) AppleWebKit/537.36 (KHTML, like Gecko) Chrome/73.0.3683.86 Safari/537.36 [] {"uid":"69026c5"}
[2019-06-13 15:54:29] UTN FRA LOGGER.INFO: ip =::1 [] {"uid":"69026c5"}
[2019-06-13 15:54:53] UTN FRA LOGGER.INFO: Datos  =Mozilla/5.0 (X11; Linux x86_64) AppleWebKit/537.36 (KHTML, like Gecko) Chrome/73.0.3683.86 Safari/537.36 [] {"uid":"7f80bac"}
[2019-06-13 15:54:53] UTN FRA LOGGER.INFO: ip =::1 [] {"uid":"7f80bac"}
[2019-06-13 16:14:20] UTN FRA LOGGER.INFO: Datos  =PostmanRuntime/7.1.1 [] {"uid":"f37f107"}
[2019-06-13 16:14:20] UTN FRA LOGGER.INFO: ip =::1 [] {"uid":"f37f107"}
[2019-06-13 16:14:25] UTN FRA LOGGER.INFO: Datos  =PostmanRuntime/7.1.1 [] {"uid":"f86c548"}
[2019-06-13 16:14:25] UTN FRA LOGGER.INFO: ip =::1 [] {"uid":"f86c548"}
[2019-06-13 16:16:52] UTN FRA LOGGER.INFO: Datos  =PostmanRuntime/7.1.1 [] {"uid":"cfce916"}
[2019-06-13 16:16:52] UTN FRA LOGGER.INFO: ip =::1 [] {"uid":"cfce916"}
[2019-06-13 16:16:56] UTN FRA LOGGER.INFO: Datos  =PostmanRuntime/7.1.1 [] {"uid":"24b074c"}
[2019-06-13 16:16:56] UTN FRA LOGGER.INFO: ip =::1 [] {"uid":"24b074c"}
[2019-06-13 16:17:07] UTN FRA LOGGER.INFO: Datos  =PostmanRuntime/7.1.1 [] {"uid":"fecc8fc"}
[2019-06-13 16:17:07] UTN FRA LOGGER.INFO: ip =::1 [] {"uid":"fecc8fc"}
[2019-06-13 16:19:09] UTN FRA LOGGER.INFO: Datos  =Mozilla/5.0 (X11; Linux x86_64) AppleWebKit/537.36 (KHTML, like Gecko) Chrome/73.0.3683.86 Safari/537.36 [] {"uid":"e2193d4"}
[2019-06-13 16:19:09] UTN FRA LOGGER.INFO: ip =::1 [] {"uid":"e2193d4"}
[2019-06-13 16:19:58] UTN FRA LOGGER.INFO: Datos  =Mozilla/5.0 (X11; Linux x86_64) AppleWebKit/537.36 (KHTML, like Gecko) Chrome/73.0.3683.86 Safari/537.36 [] {"uid":"d83d781"}
[2019-06-13 16:19:58] UTN FRA LOGGER.INFO: ip =::1 [] {"uid":"d83d781"}
[2019-06-13 16:20:00] UTN FRA LOGGER.INFO: Datos  =Mozilla/5.0 (X11; Linux x86_64) AppleWebKit/537.36 (KHTML, like Gecko) Chrome/73.0.3683.86 Safari/537.36 [] {"uid":"89e32cc"}
[2019-06-13 16:20:00] UTN FRA LOGGER.INFO: ip =::1 [] {"uid":"89e32cc"}
[2019-06-13 16:20:32] UTN FRA LOGGER.INFO: Datos  =Mozilla/5.0 (X11; Linux x86_64) AppleWebKit/537.36 (KHTML, like Gecko) Chrome/73.0.3683.86 Safari/537.36 [] {"uid":"434586f"}
[2019-06-13 16:20:32] UTN FRA LOGGER.INFO: ip =::1 [] {"uid":"434586f"}
[2019-06-13 16:20:40] UTN FRA LOGGER.INFO: Datos  =PostmanRuntime/7.1.1 [] {"uid":"87cac8e"}
[2019-06-13 16:20:40] UTN FRA LOGGER.INFO: ip =::1 [] {"uid":"87cac8e"}
[2019-11-11 01:55:49] UTN FRA LOGGER.INFO: Datos  =PostmanRuntime/7.17.1 [] {"uid":"810d1b5"}
[2019-11-11 01:55:49] UTN FRA LOGGER.INFO: ip =::1 [] {"uid":"810d1b5"}
[2019-11-11 01:55:57] UTN FRA LOGGER.INFO: Datos  =PostmanRuntime/7.17.1 [] {"uid":"e335a06"}
[2019-11-11 01:55:57] UTN FRA LOGGER.INFO: ip =::1 [] {"uid":"e335a06"}
[2019-11-11 01:56:06] UTN FRA LOGGER.INFO: Datos  =PostmanRuntime/7.17.1 [] {"uid":"4bb2a6d"}
[2019-11-11 01:56:06] UTN FRA LOGGER.INFO: ip =::1 [] {"uid":"4bb2a6d"}
[2019-11-11 01:56:19] UTN FRA LOGGER.INFO: Datos  =PostmanRuntime/7.17.1 [] {"uid":"3b9b487"}
[2019-11-11 01:56:19] UTN FRA LOGGER.INFO: ip =::1 [] {"uid":"3b9b487"}
[2019-12-08 00:44:16] UTN FRA LOGGER.INFO: Datos  =PostmanRuntime/7.19.0 [] {"uid":"14dbfc4"}
[2019-12-08 00:44:16] UTN FRA LOGGER.INFO: ip =::1 [] {"uid":"14dbfc4"}
[2019-12-08 00:48:29] UTN FRA LOGGER.INFO: Datos  =PostmanRuntime/7.19.0 [] {"uid":"4c46f99"}
[2019-12-08 00:48:29] UTN FRA LOGGER.INFO: ip =::1 [] {"uid":"4c46f99"}
[2019-12-08 00:48:50] UTN FRA LOGGER.INFO: Datos  =PostmanRuntime/7.19.0 [] {"uid":"431f62e"}
[2019-12-08 00:48:50] UTN FRA LOGGER.INFO: ip =::1 [] {"uid":"431f62e"}
[2019-12-08 00:49:14] UTN FRA LOGGER.INFO: Datos  =PostmanRuntime/7.19.0 [] {"uid":"3dc898f"}
[2019-12-08 00:49:14] UTN FRA LOGGER.INFO: ip =::1 [] {"uid":"3dc898f"}
[2019-12-08 00:49:22] UTN FRA LOGGER.INFO: Datos  =PostmanRuntime/7.19.0 [] {"uid":"8163730"}
[2019-12-08 00:49:22] UTN FRA LOGGER.INFO: ip =::1 [] {"uid":"8163730"}
[2019-12-08 00:49:29] UTN FRA LOGGER.INFO: Datos  =PostmanRuntime/7.19.0 [] {"uid":"cc2597d"}
[2019-12-08 00:49:29] UTN FRA LOGGER.INFO: ip =::1 [] {"uid":"cc2597d"}
[2019-12-08 15:57:09] UTN FRA LOGGER.INFO: Datos  =PostmanRuntime/7.19.0 [] {"uid":"0eac43e"}
[2019-12-08 15:57:09] UTN FRA LOGGER.INFO: ip =::1 [] {"uid":"0eac43e"}
[2019-12-08 16:47:12] UTN FRA LOGGER.INFO: Datos  =PostmanRuntime/7.19.0 [] {"uid":"6d7badf"}
[2019-12-08 16:47:12] UTN FRA LOGGER.INFO: ip =::1 [] {"uid":"6d7badf"}
[2019-12-08 16:47:19] UTN FRA LOGGER.INFO: Datos  =PostmanRuntime/7.19.0 [] {"uid":"18a95f9"}
[2019-12-08 16:47:19] UTN FRA LOGGER.INFO: ip =::1 [] {"uid":"18a95f9"}
[2019-12-08 18:43:05] UTN FRA LOGGER.INFO: Datos  =PostmanRuntime/7.19.0 [] {"uid":"a19045a"}
[2019-12-08 18:43:05] UTN FRA LOGGER.INFO: ip =::1 [] {"uid":"a19045a"}
[2019-12-08 18:43:12] UTN FRA LOGGER.INFO: Datos  =PostmanRuntime/7.19.0 [] {"uid":"3f8a97d"}
[2019-12-08 18:43:12] UTN FRA LOGGER.INFO: ip =::1 [] {"uid":"3f8a97d"}
[2019-12-08 18:43:44] UTN FRA LOGGER.INFO: Datos  =PostmanRuntime/7.19.0 [] {"uid":"b5c417c"}
[2019-12-08 18:43:44] UTN FRA LOGGER.INFO: ip =::1 [] {"uid":"b5c417c"}
[2019-12-08 18:43:47] UTN FRA LOGGER.INFO: Datos  =PostmanRuntime/7.19.0 [] {"uid":"dc81caa"}
[2019-12-08 18:43:47] UTN FRA LOGGER.INFO: ip =::1 [] {"uid":"dc81caa"}
[2019-12-08 18:43:54] UTN FRA LOGGER.INFO: Datos  =PostmanRuntime/7.19.0 [] {"uid":"d83c64d"}
[2019-12-08 18:43:54] UTN FRA LOGGER.INFO: ip =::1 [] {"uid":"d83c64d"}
[2019-12-08 18:44:41] UTN FRA LOGGER.INFO: Datos  =PostmanRuntime/7.19.0 [] {"uid":"15399af"}
[2019-12-08 18:44:41] UTN FRA LOGGER.INFO: ip =::1 [] {"uid":"15399af"}
[2019-12-08 18:44:56] UTN FRA LOGGER.INFO: Datos  =PostmanRuntime/7.19.0 [] {"uid":"f7f1bf0"}
[2019-12-08 18:44:56] UTN FRA LOGGER.INFO: ip =::1 [] {"uid":"f7f1bf0"}
[2019-12-08 18:49:14] UTN FRA LOGGER.INFO: Datos  =PostmanRuntime/7.19.0 [] {"uid":"1a370ac"}
[2019-12-08 18:49:14] UTN FRA LOGGER.INFO: ip =::1 [] {"uid":"1a370ac"}
[2019-12-08 18:53:26] UTN FRA LOGGER.INFO: Datos  =PostmanRuntime/7.19.0 [] {"uid":"ec59ddd"}
[2019-12-08 18:53:26] UTN FRA LOGGER.INFO: ip =::1 [] {"uid":"ec59ddd"}
[2019-12-08 18:54:10] UTN FRA LOGGER.INFO: Datos  =PostmanRuntime/7.19.0 [] {"uid":"a16f891"}
[2019-12-08 18:54:10] UTN FRA LOGGER.INFO: ip =::1 [] {"uid":"a16f891"}
[2019-12-08 18:55:12] UTN FRA LOGGER.INFO: Datos  =PostmanRuntime/7.19.0 [] {"uid":"ee32963"}
[2019-12-08 18:55:12] UTN FRA LOGGER.INFO: ip =::1 [] {"uid":"ee32963"}
[2019-12-08 18:58:44] UTN FRA LOGGER.INFO: Datos  =PostmanRuntime/7.19.0 [] {"uid":"d5528a8"}
[2019-12-08 18:58:44] UTN FRA LOGGER.INFO: ip =::1 [] {"uid":"d5528a8"}
[2019-12-08 18:59:42] UTN FRA LOGGER.INFO: Datos  =PostmanRuntime/7.19.0 [] {"uid":"b6dce8a"}
[2019-12-08 18:59:42] UTN FRA LOGGER.INFO: ip =::1 [] {"uid":"b6dce8a"}
[2019-12-08 19:00:05] UTN FRA LOGGER.INFO: Datos  =PostmanRuntime/7.19.0 [] {"uid":"9ebb0a0"}
[2019-12-08 19:00:05] UTN FRA LOGGER.INFO: ip =::1 [] {"uid":"9ebb0a0"}
[2019-12-08 19:00:28] UTN FRA LOGGER.INFO: Datos  =PostmanRuntime/7.19.0 [] {"uid":"e71bb21"}
[2019-12-08 19:00:28] UTN FRA LOGGER.INFO: ip =::1 [] {"uid":"e71bb21"}
[2019-12-08 19:01:08] UTN FRA LOGGER.INFO: Datos  =PostmanRuntime/7.19.0 [] {"uid":"7c636d7"}
[2019-12-08 19:01:08] UTN FRA LOGGER.INFO: ip =::1 [] {"uid":"7c636d7"}
[2019-12-08 19:03:11] UTN FRA LOGGER.INFO: Datos  =PostmanRuntime/7.19.0 [] {"uid":"3f2d540"}
[2019-12-08 19:03:11] UTN FRA LOGGER.INFO: ip =::1 [] {"uid":"3f2d540"}
[2019-12-08 19:03:32] UTN FRA LOGGER.INFO: Datos  =PostmanRuntime/7.19.0 [] {"uid":"6cac9c2"}
[2019-12-08 19:03:32] UTN FRA LOGGER.INFO: ip =::1 [] {"uid":"6cac9c2"}
[2019-12-08 19:04:24] UTN FRA LOGGER.INFO: Datos  =PostmanRuntime/7.19.0 [] {"uid":"1d96888"}
[2019-12-08 19:04:24] UTN FRA LOGGER.INFO: ip =::1 [] {"uid":"1d96888"}
[2019-12-08 19:08:32] UTN FRA LOGGER.INFO: Datos  =PostmanRuntime/7.19.0 [] {"uid":"b48e592"}
[2019-12-08 19:08:32] UTN FRA LOGGER.INFO: ip =::1 [] {"uid":"b48e592"}
[2019-12-08 19:11:21] UTN FRA LOGGER.INFO: Datos  =PostmanRuntime/7.19.0 [] {"uid":"7ae1ed0"}
[2019-12-08 19:11:21] UTN FRA LOGGER.INFO: ip =::1 [] {"uid":"7ae1ed0"}
[2019-12-08 19:11:57] UTN FRA LOGGER.INFO: Datos  =PostmanRuntime/7.19.0 [] {"uid":"105c972"}
[2019-12-08 19:11:57] UTN FRA LOGGER.INFO: ip =::1 [] {"uid":"105c972"}
[2019-12-08 19:13:21] UTN FRA LOGGER.INFO: Datos  =PostmanRuntime/7.19.0 [] {"uid":"65a8b76"}
[2019-12-08 19:13:21] UTN FRA LOGGER.INFO: ip =::1 [] {"uid":"65a8b76"}
[2019-12-08 19:13:45] UTN FRA LOGGER.INFO: Datos  =PostmanRuntime/7.19.0 [] {"uid":"fda5197"}
[2019-12-08 19:13:45] UTN FRA LOGGER.INFO: ip =::1 [] {"uid":"fda5197"}
[2019-12-08 19:15:48] UTN FRA LOGGER.INFO: Datos  =PostmanRuntime/7.19.0 [] {"uid":"06447e8"}
[2019-12-08 19:15:48] UTN FRA LOGGER.INFO: ip =::1 [] {"uid":"06447e8"}
[2019-12-08 19:16:15] UTN FRA LOGGER.INFO: Datos  =PostmanRuntime/7.19.0 [] {"uid":"234f366"}
[2019-12-08 19:16:15] UTN FRA LOGGER.INFO: ip =::1 [] {"uid":"234f366"}
[2019-12-08 19:17:39] UTN FRA LOGGER.INFO: Datos  =PostmanRuntime/7.19.0 [] {"uid":"46e9e19"}
[2019-12-08 19:17:39] UTN FRA LOGGER.INFO: ip =::1 [] {"uid":"46e9e19"}
[2019-12-08 19:20:08] UTN FRA LOGGER.INFO: Datos  =PostmanRuntime/7.19.0 [] {"uid":"1af37f0"}
[2019-12-08 19:20:08] UTN FRA LOGGER.INFO: ip =::1 [] {"uid":"1af37f0"}
[2019-12-08 19:22:16] UTN FRA LOGGER.INFO: Datos  =PostmanRuntime/7.19.0 [] {"uid":"e889c4b"}
[2019-12-08 19:22:16] UTN FRA LOGGER.INFO: ip =::1 [] {"uid":"e889c4b"}
[2019-12-08 19:23:07] UTN FRA LOGGER.INFO: Datos  =PostmanRuntime/7.19.0 [] {"uid":"6b87672"}
[2019-12-08 19:23:07] UTN FRA LOGGER.INFO: ip =::1 [] {"uid":"6b87672"}
[2019-12-08 19:27:26] UTN FRA LOGGER.INFO: Datos  =PostmanRuntime/7.19.0 [] {"uid":"4c90f10"}
[2019-12-08 19:27:26] UTN FRA LOGGER.INFO: ip =::1 [] {"uid":"4c90f10"}
[2019-12-08 19:29:46] UTN FRA LOGGER.INFO: Datos  =PostmanRuntime/7.19.0 [] {"uid":"616d150"}
[2019-12-08 19:29:46] UTN FRA LOGGER.INFO: ip =::1 [] {"uid":"616d150"}
[2019-12-08 19:32:17] UTN FRA LOGGER.INFO: Datos  =PostmanRuntime/7.19.0 [] {"uid":"94cb895"}
[2019-12-08 19:32:17] UTN FRA LOGGER.INFO: ip =::1 [] {"uid":"94cb895"}
[2019-12-08 19:34:18] UTN FRA LOGGER.INFO: Datos  =PostmanRuntime/7.19.0 [] {"uid":"4239184"}
[2019-12-08 19:34:18] UTN FRA LOGGER.INFO: ip =::1 [] {"uid":"4239184"}
[2019-12-08 19:34:46] UTN FRA LOGGER.INFO: Datos  =PostmanRuntime/7.19.0 [] {"uid":"821b279"}
[2019-12-08 19:34:46] UTN FRA LOGGER.INFO: ip =::1 [] {"uid":"821b279"}
[2019-12-08 19:35:37] UTN FRA LOGGER.INFO: Datos  =PostmanRuntime/7.19.0 [] {"uid":"bb244c5"}
[2019-12-08 19:35:37] UTN FRA LOGGER.INFO: ip =::1 [] {"uid":"bb244c5"}
[2019-12-08 19:35:55] UTN FRA LOGGER.INFO: Datos  =PostmanRuntime/7.19.0 [] {"uid":"5dd81a0"}
[2019-12-08 19:35:55] UTN FRA LOGGER.INFO: ip =::1 [] {"uid":"5dd81a0"}
[2019-12-08 19:39:05] UTN FRA LOGGER.INFO: Datos  =PostmanRuntime/7.19.0 [] {"uid":"d8be294"}
[2019-12-08 19:39:05] UTN FRA LOGGER.INFO: ip =::1 [] {"uid":"d8be294"}
[2019-12-08 19:39:17] UTN FRA LOGGER.INFO: Datos  =PostmanRuntime/7.19.0 [] {"uid":"e2bcb67"}
[2019-12-08 19:39:17] UTN FRA LOGGER.INFO: ip =::1 [] {"uid":"e2bcb67"}
[2019-12-08 19:39:31] UTN FRA LOGGER.INFO: Datos  =PostmanRuntime/7.19.0 [] {"uid":"0df1463"}
[2019-12-08 19:39:31] UTN FRA LOGGER.INFO: ip =::1 [] {"uid":"0df1463"}
[2019-12-08 19:39:38] UTN FRA LOGGER.INFO: Datos  =PostmanRuntime/7.19.0 [] {"uid":"7155329"}
[2019-12-08 19:39:38] UTN FRA LOGGER.INFO: ip =::1 [] {"uid":"7155329"}
[2019-12-08 19:39:57] UTN FRA LOGGER.INFO: Datos  =PostmanRuntime/7.19.0 [] {"uid":"9c4f1d9"}
[2019-12-08 19:39:57] UTN FRA LOGGER.INFO: ip =::1 [] {"uid":"9c4f1d9"}
[2019-12-08 19:40:21] UTN FRA LOGGER.INFO: Datos  =PostmanRuntime/7.19.0 [] {"uid":"d1ba473"}
[2019-12-08 19:40:21] UTN FRA LOGGER.INFO: ip =::1 [] {"uid":"d1ba473"}
[2019-12-08 20:02:54] UTN FRA LOGGER.INFO: Datos  =PostmanRuntime/7.19.0 [] {"uid":"8bb0323"}
[2019-12-08 20:02:54] UTN FRA LOGGER.INFO: ip =::1 [] {"uid":"8bb0323"}
[2019-12-08 20:11:22] UTN FRA LOGGER.INFO: Datos  =PostmanRuntime/7.19.0 [] {"uid":"5d8a6d4"}
[2019-12-08 20:11:22] UTN FRA LOGGER.INFO: ip =::1 [] {"uid":"5d8a6d4"}
[2019-12-08 20:12:50] UTN FRA LOGGER.INFO: Datos  =PostmanRuntime/7.19.0 [] {"uid":"389988e"}
[2019-12-08 20:12:50] UTN FRA LOGGER.INFO: ip =::1 [] {"uid":"389988e"}
[2019-12-08 20:13:51] UTN FRA LOGGER.INFO: Datos  =PostmanRuntime/7.19.0 [] {"uid":"037a19d"}
[2019-12-08 20:13:51] UTN FRA LOGGER.INFO: ip =::1 [] {"uid":"037a19d"}
[2019-12-08 20:14:48] UTN FRA LOGGER.INFO: Datos  =PostmanRuntime/7.19.0 [] {"uid":"197d86d"}
[2019-12-08 20:14:48] UTN FRA LOGGER.INFO: ip =::1 [] {"uid":"197d86d"}
[2019-12-08 20:14:53] UTN FRA LOGGER.INFO: Datos  =PostmanRuntime/7.19.0 [] {"uid":"d5521a8"}
[2019-12-08 20:14:53] UTN FRA LOGGER.INFO: ip =::1 [] {"uid":"d5521a8"}
[2019-12-08 20:15:10] UTN FRA LOGGER.INFO: Datos  =PostmanRuntime/7.19.0 [] {"uid":"466911b"}
[2019-12-08 20:15:10] UTN FRA LOGGER.INFO: ip =::1 [] {"uid":"466911b"}
[2019-12-08 20:15:42] UTN FRA LOGGER.INFO: Datos  =PostmanRuntime/7.19.0 [] {"uid":"b632076"}
[2019-12-08 20:15:42] UTN FRA LOGGER.INFO: ip =::1 [] {"uid":"b632076"}
[2019-12-08 20:16:10] UTN FRA LOGGER.INFO: Datos  =PostmanRuntime/7.19.0 [] {"uid":"db37b2f"}
[2019-12-08 20:16:10] UTN FRA LOGGER.INFO: ip =::1 [] {"uid":"db37b2f"}
[2019-12-08 20:16:18] UTN FRA LOGGER.INFO: Datos  =PostmanRuntime/7.19.0 [] {"uid":"c84b2cd"}
[2019-12-08 20:16:18] UTN FRA LOGGER.INFO: ip =::1 [] {"uid":"c84b2cd"}
[2019-12-08 20:16:44] UTN FRA LOGGER.INFO: Datos  =PostmanRuntime/7.19.0 [] {"uid":"d9bbb3d"}
[2019-12-08 20:16:44] UTN FRA LOGGER.INFO: ip =::1 [] {"uid":"d9bbb3d"}
[2019-12-08 20:18:16] UTN FRA LOGGER.INFO: Datos  =PostmanRuntime/7.19.0 [] {"uid":"362d675"}
[2019-12-08 20:18:16] UTN FRA LOGGER.INFO: ip =::1 [] {"uid":"362d675"}
[2019-12-08 20:18:28] UTN FRA LOGGER.INFO: Datos  =PostmanRuntime/7.19.0 [] {"uid":"0ad0179"}
[2019-12-08 20:18:28] UTN FRA LOGGER.INFO: ip =::1 [] {"uid":"0ad0179"}
[2019-12-08 20:18:34] UTN FRA LOGGER.INFO: Datos  =PostmanRuntime/7.19.0 [] {"uid":"11e128e"}
[2019-12-08 20:18:34] UTN FRA LOGGER.INFO: ip =::1 [] {"uid":"11e128e"}
[2019-12-08 20:18:54] UTN FRA LOGGER.INFO: Datos  =PostmanRuntime/7.19.0 [] {"uid":"a27b8d3"}
[2019-12-08 20:18:54] UTN FRA LOGGER.INFO: ip =::1 [] {"uid":"a27b8d3"}
[2019-12-08 20:36:09] UTN FRA LOGGER.INFO: Datos  =PostmanRuntime/7.19.0 [] {"uid":"60e6a83"}
[2019-12-08 20:36:09] UTN FRA LOGGER.INFO: ip =::1 [] {"uid":"60e6a83"}
[2019-12-08 20:36:55] UTN FRA LOGGER.INFO: Datos  =PostmanRuntime/7.19.0 [] {"uid":"b27de57"}
[2019-12-08 20:36:55] UTN FRA LOGGER.INFO: ip =::1 [] {"uid":"b27de57"}
[2019-12-08 20:37:03] UTN FRA LOGGER.INFO: Datos  =PostmanRuntime/7.19.0 [] {"uid":"f8128c4"}
[2019-12-08 20:37:03] UTN FRA LOGGER.INFO: ip =::1 [] {"uid":"f8128c4"}
