[2019-11-26 19:29:00] LA COMANDA LOGGER.INFO: metodo=POST, URI=http%3A%2F%2Flocalhost%2FTP%2Fpublic, RUTA=comandaORM%2Fempleados, autoridad=localhost [] {"uid":"b9a20f3"}
[2019-11-26 19:42:05] LA COMANDA LOGGER.INFO: metodo=POST, URI=http%3A%2F%2Flocalhost%2FTP%2Fpublic, RUTA=comandaORM%2Fempleados%2F1, autoridad=localhost [] {"uid":"85cfe7c"}
[2019-11-26 19:42:14] LA COMANDA LOGGER.INFO: metodo=POST, URI=http%3A%2F%2Flocalhost%2FTP%2Fpublic, RUTA=comandaORM%2Fempleado%2F1, autoridad=localhost [] {"uid":"afd85eb"}
[2019-11-26 19:42:22] LA COMANDA LOGGER.INFO: metodo=POST, URI=http%3A%2F%2Flocalhost%2FTP%2Fpublic, RUTA=comandaORM%2Fempleado%2F100, autoridad=localhost [] {"uid":"6c5552e"}
[2019-11-26 19:42:26] LA COMANDA LOGGER.INFO: metodo=POST, URI=http%3A%2F%2Flocalhost%2FTP%2Fpublic, RUTA=comandaORM%2Fempleado%2F101, autoridad=localhost [] {"uid":"dbf40d8"}
[2019-11-26 19:42:47] LA COMANDA LOGGER.INFO: metodo=POST, URI=http%3A%2F%2Flocalhost%2FTP%2Fpublic, RUTA=comandaORM%2Fempleado%2F101, autoridad=localhost [] {"uid":"c4347c2"}
[2019-11-26 19:44:39] LA COMANDA LOGGER.INFO: metodo=POST, URI=http%3A%2F%2Flocalhost%2FTP%2Fpublic, RUTA=comandaORM%2Fempleado%2F101, autoridad=localhost [] {"uid":"2f45aa6"}
[2019-11-26 19:45:55] LA COMANDA LOGGER.INFO: metodo=POST, URI=http%3A%2F%2Flocalhost%2FTP%2Fpublic, RUTA=comandaORM%2Fempleado%2F101, autoridad=localhost [] {"uid":"fb3a548"}
[2019-11-26 19:53:29] LA COMANDA LOGGER.INFO: metodo=POST, URI=http%3A%2F%2Flocalhost%2FTP%2Fpublic, RUTA=comandaORM%2Fempleado%2F101, autoridad=localhost [] {"uid":"1d87a49"}
[2019-11-26 20:04:13] LA COMANDA LOGGER.INFO: metodo=POST, URI=http%3A%2F%2Flocalhost%2FTP%2Fpublic, RUTA=comandaORM%2Fempleados, autoridad=localhost [] {"uid":"f068213"}
[2019-11-26 20:04:42] LA COMANDA LOGGER.INFO: metodo=DELETE, URI=http%3A%2F%2Flocalhost%2FTP%2Fpublic, RUTA=comandaORM%2Fempleado%2F103, autoridad=localhost [] {"uid":"f4ce431"}
[2019-11-26 20:35:22] LA COMANDA LOGGER.INFO: metodo=GET, URI=http%3A%2F%2Flocalhost%2FTP%2Fpublic, RUTA=comandaORM%2Fpedidos, autoridad=localhost [] {"uid":"2d13663"}
[2019-11-26 20:35:45] LA COMANDA LOGGER.INFO: metodo=POST, URI=http%3A%2F%2Flocalhost%2FTP%2Fpublic, RUTA=comandaORM%2Fpedidos, autoridad=localhost [] {"uid":"c83ba4d"}
[2019-11-26 20:36:12] LA COMANDA LOGGER.INFO: metodo=POST, URI=http%3A%2F%2Flocalhost%2FTP%2Fpublic, RUTA=comandaORM%2Fpedidos, autoridad=localhost [] {"uid":"1984bba"}
[2019-11-26 20:36:36] LA COMANDA LOGGER.INFO: metodo=POST, URI=http%3A%2F%2Flocalhost%2FTP%2Fpublic, RUTA=comandaORM%2Fpedidos, autoridad=localhost [] {"uid":"3f4efc2"}
[2019-11-26 20:36:54] LA COMANDA LOGGER.INFO: metodo=POST, URI=http%3A%2F%2Flocalhost%2FTP%2Fpublic, RUTA=comandaORM%2Fpedidos, autoridad=localhost [] {"uid":"797aa1c"}
[2019-11-26 20:39:48] LA COMANDA LOGGER.INFO: metodo=POST, URI=http%3A%2F%2Flocalhost%2FTP%2Fpublic, RUTA=comandaORM%2Fpedidos, autoridad=localhost [] {"uid":"14eed52"}
[2019-11-26 20:40:35] LA COMANDA LOGGER.INFO: metodo=POST, URI=http%3A%2F%2Flocalhost%2FTP%2Fpublic, RUTA=comandaORM%2Fpedidos, autoridad=localhost [] {"uid":"57fa594"}
[2019-11-26 20:44:50] LA COMANDA LOGGER.INFO: metodo=POST, URI=http%3A%2F%2Flocalhost%2FTP%2Fpublic, RUTA=comandaORM%2Fpedidos, autoridad=localhost [] {"uid":"b1627ed"}
[2019-11-26 20:45:16] LA COMANDA LOGGER.INFO: metodo=POST, URI=http%3A%2F%2Flocalhost%2FTP%2Fpublic, RUTA=comandaORM%2Fpedidos, autoridad=localhost [] {"uid":"5c0d64c"}
[2019-11-26 20:45:25] LA COMANDA LOGGER.INFO: metodo=POST, URI=http%3A%2F%2Flocalhost%2FTP%2Fpublic, RUTA=comandaORM%2Fpedidos, autoridad=localhost [] {"uid":"e92d17e"}
[2019-11-26 23:51:52] LA COMANDA LOGGER.INFO: metodo=POST, URI=http%3A%2F%2Flocalhost%2FTP%2Fpublic, RUTA=comandaORM%2Fpedidos, autoridad=localhost [] {"uid":"a3cc6bd"}
[2019-12-02 01:21:06] LA COMANDA LOGGER.INFO: metodo=POST, URI=http%3A%2F%2Flocalhost%2FTP%2Fpublic, RUTA=comandaORM%2Fempleados, autoridad=localhost [] {"uid":"a9e9b3e"}
[2019-12-02 01:22:46] LA COMANDA LOGGER.INFO: metodo=POST, URI=http%3A%2F%2Flocalhost%2FTP%2Fpublic, RUTA=comandaORM%2Fempleados, autoridad=localhost [] {"uid":"1c91695"}
[2019-12-02 01:23:04] LA COMANDA LOGGER.INFO: metodo=POST, URI=http%3A%2F%2Flocalhost%2FTP%2Fpublic, RUTA=comandaORM%2Fempleados, autoridad=localhost [] {"uid":"715bf9a"}
[2019-12-02 01:23:41] LA COMANDA LOGGER.INFO: metodo=POST, URI=http%3A%2F%2Flocalhost%2FTP%2Fpublic, RUTA=comandaORM%2Fempleados, autoridad=localhost [] {"uid":"e0eaa44"}
[2019-12-02 01:24:27] LA COMANDA LOGGER.INFO: metodo=POST, URI=http%3A%2F%2Flocalhost%2FTP%2Fpublic, RUTA=comandaORM%2Fempleados, autoridad=localhost [] {"uid":"94221c6"}
[2019-12-02 01:26:39] LA COMANDA LOGGER.INFO: metodo=POST, URI=http%3A%2F%2Flocalhost%2FTP%2Fpublic, RUTA=comandaORM%2Fempleados, autoridad=localhost [] {"uid":"97f2e70"}
[2019-12-02 01:27:01] LA COMANDA LOGGER.INFO: metodo=POST, URI=http%3A%2F%2Flocalhost%2FTP%2Fpublic, RUTA=comandaORM%2Fempleados, autoridad=localhost [] {"uid":"b6afe4d"}
[2019-12-02 01:27:15] LA COMANDA LOGGER.INFO: metodo=POST, URI=http%3A%2F%2Flocalhost%2FTP%2Fpublic, RUTA=comandaORM%2Fempleados, autoridad=localhost [] {"uid":"41e319b"}
[2019-12-02 01:35:08] LA COMANDA LOGGER.INFO: metodo=POST, URI=http%3A%2F%2Flocalhost%2FTP%2Fpublic, RUTA=comandaORM%2Fempleados%2F104, autoridad=localhost [] {"uid":"575fd02"}
[2019-12-02 01:35:26] LA COMANDA LOGGER.INFO: metodo=POST, URI=http%3A%2F%2Flocalhost%2FTP%2Fpublic, RUTA=comandaORM%2Fempleados%2Fsuspender%2F104, autoridad=localhost [] {"uid":"aa6fc38"}
[2019-12-02 01:35:39] LA COMANDA LOGGER.INFO: metodo=POST, URI=http%3A%2F%2Flocalhost%2FTP%2Fpublic, RUTA=comandaORM%2Fempleados%2Fsuspender%2F105, autoridad=localhost [] {"uid":"1f1beb5"}
[2019-12-02 01:35:47] LA COMANDA LOGGER.INFO: metodo=POST, URI=http%3A%2F%2Flocalhost%2FTP%2Fpublic, RUTA=comandaORM%2Fempleados%2Fsuspender%2F105, autoridad=localhost [] {"uid":"b9f0b8b"}
[2019-12-02 02:00:49] LA COMANDA LOGGER.INFO: metodo=POST, URI=http%3A%2F%2Flocalhost%2FTP%2Fpublic, RUTA=comandaORM%2Fempleados, autoridad=localhost [] {"uid":"1f60ea2"}
[2019-12-02 02:01:03] LA COMANDA LOGGER.INFO: metodo=POST, URI=http%3A%2F%2Flocalhost%2FTP%2Fpublic, RUTA=comandaORM%2Fempleados, autoridad=localhost [] {"uid":"c12a264"}
[2019-12-02 02:01:18] LA COMANDA LOGGER.INFO: metodo=POST, URI=http%3A%2F%2Flocalhost%2FTP%2Fpublic, RUTA=comandaORM%2Fempleados, autoridad=localhost [] {"uid":"a635102"}
[2019-12-02 02:01:33] LA COMANDA LOGGER.INFO: metodo=POST, URI=http%3A%2F%2Flocalhost%2FTP%2Fpublic, RUTA=comandaORM%2Fempleados, autoridad=localhost [] {"uid":"703e8a1"}
[2019-12-02 02:02:01] LA COMANDA LOGGER.INFO: metodo=POST, URI=http%3A%2F%2Flocalhost%2FTP%2Fpublic, RUTA=comandaORM%2Fempleados, autoridad=localhost [] {"uid":"77ff631"}
[2019-12-02 02:15:00] LA COMANDA LOGGER.INFO: metodo=POST, URI=http%3A%2F%2Flocalhost%2FTP%2Fpublic, RUTA=comandaORM%2Fempleados%2Flogin, autoridad=localhost [] {"uid":"7b3cf50"}
[2019-12-02 02:15:34] LA COMANDA LOGGER.INFO: metodo=POST, URI=http%3A%2F%2Flocalhost%2FTP%2Fpublic, RUTA=comandaORM%2Fempleados%2Flogin, autoridad=localhost [] {"uid":"ebf12bc"}
[2019-12-02 02:16:25] LA COMANDA LOGGER.INFO: metodo=POST, URI=http%3A%2F%2Flocalhost%2FTP%2Fpublic, RUTA=comandaORM%2Fempleados%2Flogin, autoridad=localhost [] {"uid":"873fa27"}
[2019-12-02 02:16:52] LA COMANDA LOGGER.INFO: metodo=POST, URI=http%3A%2F%2Flocalhost%2FTP%2Fpublic, RUTA=comandaORM%2Fempleados%2Flogin, autoridad=localhost [] {"uid":"d0466a6"}
[2019-12-02 02:21:51] LA COMANDA LOGGER.INFO: metodo=POST, URI=http%3A%2F%2Flocalhost%2FTP%2Fpublic, RUTA=comandaORM%2Fempleados%2Flogin, autoridad=localhost [] {"uid":"2544441"}
[2019-12-02 02:23:03] LA COMANDA LOGGER.INFO: metodo=POST, URI=http%3A%2F%2Flocalhost%2FTP%2Fpublic, RUTA=comandaORM%2Fempleados%2Flogin, autoridad=localhost [] {"uid":"3c1bd48"}
[2019-12-02 02:23:33] LA COMANDA LOGGER.INFO: metodo=POST, URI=http%3A%2F%2Flocalhost%2FTP%2Fpublic, RUTA=comandaORM%2Fempleados%2Flogin, autoridad=localhost [] {"uid":"1ac9248"}
[2019-12-02 02:24:35] LA COMANDA LOGGER.INFO: metodo=POST, URI=http%3A%2F%2Flocalhost%2FTP%2Fpublic, RUTA=comandaORM%2Fempleados%2Flogin, autoridad=localhost [] {"uid":"c7b757f"}
[2019-12-02 02:29:46] LA COMANDA LOGGER.INFO: metodo=POST, URI=http%3A%2F%2Flocalhost%2FTP%2Fpublic, RUTA=comandaORM%2Fpedidos, autoridad=localhost [] {"uid":"23f4c2f"}
[2019-12-02 02:29:55] LA COMANDA LOGGER.INFO: metodo=POST, URI=http%3A%2F%2Flocalhost%2FTP%2Fpublic, RUTA=comandaORM%2Fpedidos%2F, autoridad=localhost [] {"uid":"7e46d35"}
[2019-12-02 02:31:41] LA COMANDA LOGGER.INFO: metodo=POST, URI=http%3A%2F%2Flocalhost%2FTP%2Fpublic, RUTA=comandaORM%2Fempleados%2Flogin, autoridad=localhost [] {"uid":"db71ca1"}
[2019-12-02 02:32:31] LA COMANDA LOGGER.INFO: metodo=GET, URI=http%3A%2F%2Flocalhost%2FTP%2Fpublic, RUTA=comandaORM%2Fpedidos%2F103, autoridad=localhost [] {"uid":"c760364"}
[2019-12-02 03:04:21] LA COMANDA LOGGER.INFO: metodo=GET, URI=http%3A%2F%2Flocalhost%2FTP%2Fpublic, RUTA=comandaORM%2Fpedidos, autoridad=localhost [] {"uid":"d198579"}
[2019-12-02 03:04:42] LA COMANDA LOGGER.INFO: metodo=GET, URI=http%3A%2F%2Flocalhost%2FTP%2Fpublic, RUTA=comandaORM%2Fpedidos, autoridad=localhost [] {"uid":"aa4fb2e"}
[2019-12-02 03:06:08] LA COMANDA LOGGER.INFO: metodo=POST, URI=http%3A%2F%2Flocalhost%2FTP%2Fpublic, RUTA=comandaORM%2Fempleados%2Flogin, autoridad=localhost [] {"uid":"038665c"}
[2019-12-02 03:06:17] LA COMANDA LOGGER.INFO: metodo=GET, URI=http%3A%2F%2Flocalhost%2FTP%2Fpublic, RUTA=comandaORM%2Fpedidos, autoridad=localhost [] {"uid":"77bea60"}
[2019-12-02 03:10:03] LA COMANDA LOGGER.INFO: metodo=GET, URI=http%3A%2F%2Flocalhost%2FTP%2Fpublic, RUTA=comandaORM%2Fpedidos, autoridad=localhost [] {"uid":"f77f99e"}
[2019-12-02 03:12:49] LA COMANDA LOGGER.INFO: metodo=GET, URI=http%3A%2F%2Flocalhost%2FTP%2Fpublic, RUTA=comandaORM%2Fpedidos, autoridad=localhost [] {"uid":"04356e7"}
[2019-12-02 03:14:24] LA COMANDA LOGGER.INFO: metodo=GET, URI=http%3A%2F%2Flocalhost%2FTP%2Fpublic, RUTA=comandaORM%2Fpedidos, autoridad=localhost [] {"uid":"0c1bd2a"}
[2019-12-02 03:17:34] LA COMANDA LOGGER.INFO: metodo=POST, URI=http%3A%2F%2Flocalhost%2FTP%2Fpublic, RUTA=comandaORM%2Fpedidos%2Fpreparar%2F2, autoridad=localhost [] {"uid":"b896d9c"}
[2019-12-02 03:29:19] LA COMANDA LOGGER.INFO: metodo=POST, URI=http%3A%2F%2Flocalhost%2FTP%2Fpublic, RUTA=comandaORM%2Fpedidos%2Fpreparar%2F2, autoridad=localhost [] {"uid":"61e7f8b"}
[2019-12-02 03:29:48] LA COMANDA LOGGER.INFO: metodo=POST, URI=http%3A%2F%2Flocalhost%2FTP%2Fpublic, RUTA=comandaORM%2Fpedidos%2Fterminar%2F2, autoridad=localhost [] {"uid":"55e221f"}
[2019-12-02 03:47:46] LA COMANDA LOGGER.INFO: metodo=POST, URI=http%3A%2F%2Flocalhost%2FTP%2Fpublic, RUTA=comandaORM%2Fpedidos%2Fpreparar, autoridad=localhost [] {"uid":"0bd7b89"}
[2019-12-02 03:47:53] LA COMANDA LOGGER.INFO: metodo=POST, URI=http%3A%2F%2Flocalhost%2FTP%2Fpublic, RUTA=comandaORM%2Fpedidos%2Fpreparar%2F2, autoridad=localhost [] {"uid":"ed7dfc1"}
[2019-12-02 03:48:16] LA COMANDA LOGGER.INFO: metodo=POST, URI=http%3A%2F%2Flocalhost%2FTP%2Fpublic, RUTA=comandaORM%2Fpedidos%2Fpreparar%2F2, autoridad=localhost [] {"uid":"3c1d65d"}
[2019-12-02 03:49:31] LA COMANDA LOGGER.INFO: metodo=POST, URI=http%3A%2F%2Flocalhost%2FTP%2Fpublic, RUTA=comandaORM%2Fpedidos%2Fpreparar%2F2, autoridad=localhost [] {"uid":"1c859b2"}
[2019-12-02 03:51:15] LA COMANDA LOGGER.INFO: metodo=POST, URI=http%3A%2F%2Flocalhost%2FTP%2Fpublic, RUTA=comandaORM%2Fpedidos%2Fterminar%2F2, autoridad=localhost [] {"uid":"3ce9203"}
[2019-12-02 03:51:33] LA COMANDA LOGGER.INFO: metodo=POST, URI=http%3A%2F%2Flocalhost%2FTP%2Fpublic, RUTA=comandaORM%2Fpedidos%2Fterminar%2F2, autoridad=localhost [] {"uid":"2a019f9"}
[2019-12-02 03:57:15] LA COMANDA LOGGER.INFO: metodo=POST, URI=http%3A%2F%2Flocalhost%2FTP%2Fpublic, RUTA=comandaORM%2Fpedidos%2Fpreparar%2F2, autoridad=localhost [] {"uid":"fe2d500"}
[2019-12-02 03:58:58] LA COMANDA LOGGER.INFO: metodo=POST, URI=http%3A%2F%2Flocalhost%2FTP%2Fpublic, RUTA=comandaORM%2Fpedidos%2Fterminar%2F2, autoridad=localhost [] {"uid":"0e8ecc5"}
[2019-12-02 04:00:04] LA COMANDA LOGGER.INFO: metodo=POST, URI=http%3A%2F%2Flocalhost%2FTP%2Fpublic, RUTA=comandaORM%2Fpedidos%2Fterminar%2F2, autoridad=localhost [] {"uid":"2646855"}
[2019-12-02 04:01:22] LA COMANDA LOGGER.INFO: metodo=POST, URI=http%3A%2F%2Flocalhost%2FTP%2Fpublic, RUTA=comandaORM%2Fpedidos%2Fterminar%2F2, autoridad=localhost [] {"uid":"484ae30"}
[2019-12-02 04:02:19] LA COMANDA LOGGER.INFO: metodo=POST, URI=http%3A%2F%2Flocalhost%2FTP%2Fpublic, RUTA=comandaORM%2Fpedidos%2Fterminar%2F2, autoridad=localhost [] {"uid":"76b0b3c"}
[2019-12-02 04:02:43] LA COMANDA LOGGER.INFO: metodo=POST, URI=http%3A%2F%2Flocalhost%2FTP%2Fpublic, RUTA=comandaORM%2Fpedidos%2Fterminar%2F2, autoridad=localhost [] {"uid":"7446600"}
[2019-12-02 04:03:12] LA COMANDA LOGGER.INFO: metodo=POST, URI=http%3A%2F%2Flocalhost%2FTP%2Fpublic, RUTA=comandaORM%2Fpedidos%2Fterminar%2F2, autoridad=localhost [] {"uid":"5eb2dde"}
[2019-12-02 04:15:02] LA COMANDA LOGGER.INFO: metodo=POST, URI=http%3A%2F%2Flocalhost%2FTP%2Fpublic, RUTA=comandaORM%2Fpedidos%2Fterminar%2F2, autoridad=localhost [] {"uid":"ff54574"}
[2019-12-02 04:17:18] LA COMANDA LOGGER.INFO: metodo=POST, URI=http%3A%2F%2Flocalhost%2FTP%2Fpublic, RUTA=comandaORM%2Fpedidos%2Fterminar%2F2, autoridad=localhost [] {"uid":"5c23e95"}
[2019-12-02 04:17:28] LA COMANDA LOGGER.INFO: metodo=POST, URI=http%3A%2F%2Flocalhost%2FTP%2Fpublic, RUTA=comandaORM%2Fpedidos%2Fterminar%2F2, autoridad=localhost [] {"uid":"4df9895"}
[2019-12-02 04:20:06] LA COMANDA LOGGER.INFO: metodo=POST, URI=http%3A%2F%2Flocalhost%2FTP%2Fpublic, RUTA=comandaORM%2Fpedidos%2Fterminar%2F2, autoridad=localhost [] {"uid":"228260e"}
[2019-12-02 04:20:19] LA COMANDA LOGGER.INFO: metodo=POST, URI=http%3A%2F%2Flocalhost%2FTP%2Fpublic, RUTA=comandaORM%2Fpedidos%2Fterminar%2F2, autoridad=localhost [] {"uid":"2e3c2ad"}
[2019-12-02 04:21:50] LA COMANDA LOGGER.INFO: metodo=GET, URI=http%3A%2F%2Flocalhost%2FTP%2Fpublic, RUTA=comandaORM%2Fpedidos%2Fentregar%2F2, autoridad=localhost [] {"uid":"78dcddd"}
[2019-12-02 04:21:58] LA COMANDA LOGGER.INFO: metodo=POST, URI=http%3A%2F%2Flocalhost%2FTP%2Fpublic, RUTA=comandaORM%2Fpedidos%2Fentregar%2F2, autoridad=localhost [] {"uid":"cdd6834"}
[2019-12-02 04:22:13] LA COMANDA LOGGER.INFO: metodo=POST, URI=http%3A%2F%2Flocalhost%2FTP%2Fpublic, RUTA=comandaORM%2Fpedidos%2Fentregar%2F2, autoridad=localhost [] {"uid":"3de2918"}
[2019-12-02 04:22:55] LA COMANDA LOGGER.INFO: metodo=POST, URI=http%3A%2F%2Flocalhost%2FTP%2Fpublic, RUTA=comandaORM%2Fpedidos%2Fentregar%2F2, autoridad=localhost [] {"uid":"43c3145"}
[2019-12-02 04:27:17] LA COMANDA LOGGER.INFO: metodo=POST, URI=http%3A%2F%2Flocalhost%2FTP%2Fpublic, RUTA=comandaORM%2Fpedidos%2Fentregar%2F2, autoridad=localhost [] {"uid":"04a58af"}
[2019-12-02 17:44:49] LA COMANDA LOGGER.INFO: metodo=GET, URI=http%3A%2F%2Flocalhost%2FTP%2Fpublic, RUTA=comandaORM%2Fpedido, autoridad=localhost [] {"uid":"a4a7319"}
[2019-12-02 17:45:07] LA COMANDA LOGGER.INFO: metodo=GET, URI=http%3A%2F%2Flocalhost%2FTP%2Fpublic, RUTA=comandaORM%2Fpedido, autoridad=localhost [] {"uid":"d5ee6b1"}
[2019-12-02 20:17:57] LA COMANDA LOGGER.INFO: metodo=POST, URI=http%3A%2F%2Flocalhost%2FTP%2Fpublic, RUTA=comandaORM%2Fempleados, autoridad=localhost [] {"uid":"cfaf6b2"}
[2019-12-02 20:21:40] LA COMANDA LOGGER.INFO: metodo=POST, URI=http%3A%2F%2Flocalhost%2FTP%2Fpublic, RUTA=comandaORM%2Fempleados, autoridad=localhost [] {"uid":"ec2a492"}
[2019-12-02 20:22:03] LA COMANDA LOGGER.INFO: metodo=POST, URI=http%3A%2F%2Flocalhost%2FTP%2Fpublic, RUTA=comandaORM%2Fempleados%2Flogin, autoridad=localhost [] {"uid":"910a9d6"}
[2019-12-02 20:24:37] LA COMANDA LOGGER.INFO: metodo=POST, URI=http%3A%2F%2Flocalhost%2FTP%2Fpublic, RUTA=comandaORM%2Fempleados%2Flogin, autoridad=localhost [] {"uid":"adb4244"}
[2019-12-02 20:24:48] LA COMANDA LOGGER.INFO: metodo=POST, URI=http%3A%2F%2Flocalhost%2FTP%2Fpublic, RUTA=comandaORM%2Fempleados%2Flogin, autoridad=localhost [] {"uid":"a43bbbc"}
[2019-12-02 20:25:30] LA COMANDA LOGGER.INFO: metodo=POST, URI=http%3A%2F%2Flocalhost%2FTP%2Fpublic, RUTA=comandaORM%2Fmesas, autoridad=localhost [] {"uid":"20e1717"}
[2019-12-02 20:26:29] LA COMANDA LOGGER.INFO: metodo=POST, URI=http%3A%2F%2Flocalhost%2FTP%2Fpublic, RUTA=comandaORM%2Fmesas, autoridad=localhost [] {"uid":"7f29e8b"}
[2019-12-02 20:27:05] LA COMANDA LOGGER.INFO: metodo=POST, URI=http%3A%2F%2Flocalhost%2FTP%2Fpublic, RUTA=comandaORM%2Fmesas, autoridad=localhost [] {"uid":"2bffe1b"}
[2019-12-02 20:27:24] LA COMANDA LOGGER.INFO: metodo=POST, URI=http%3A%2F%2Flocalhost%2FTP%2Fpublic, RUTA=comandaORM%2Fmesas, autoridad=localhost [] {"uid":"0cd288c"}
[2019-12-02 20:28:44] LA COMANDA LOGGER.INFO: metodo=POST, URI=http%3A%2F%2Flocalhost%2FTP%2Fpublic, RUTA=comandaORM%2Fmesas, autoridad=localhost [] {"uid":"c4a0a89"}
[2019-12-02 20:28:54] LA COMANDA LOGGER.INFO: metodo=POST, URI=http%3A%2F%2Flocalhost%2FTP%2Fpublic, RUTA=comandaORM%2Fmesas, autoridad=localhost [] {"uid":"4e453d4"}
[2019-12-02 20:28:59] LA COMANDA LOGGER.INFO: metodo=POST, URI=http%3A%2F%2Flocalhost%2FTP%2Fpublic, RUTA=comandaORM%2Fmesas, autoridad=localhost [] {"uid":"cc60b94"}
[2019-12-02 22:23:27] LA COMANDA LOGGER.INFO: metodo=POST, URI=http%3A%2F%2Flocalhost%2FTP%2Fpublic, RUTA=comandaORM%2Fcomidas, autoridad=localhost [] {"uid":"fcb3f69"}
[2019-12-02 22:24:21] LA COMANDA LOGGER.INFO: metodo=POST, URI=http%3A%2F%2Flocalhost%2FTP%2Fpublic, RUTA=comandaORM%2Fcomidas, autoridad=localhost [] {"uid":"5bc41f1"}
[2019-12-02 22:25:03] LA COMANDA LOGGER.INFO: metodo=POST, URI=http%3A%2F%2Flocalhost%2FTP%2Fpublic, RUTA=comandaORM%2Fcomidas, autoridad=localhost [] {"uid":"a39f718"}
[2019-12-02 22:26:59] LA COMANDA LOGGER.INFO: metodo=POST, URI=http%3A%2F%2Flocalhost%2FTP%2Fpublic, RUTA=comandaORM%2Fcomidas, autoridad=localhost [] {"uid":"8db3dec"}
[2019-12-02 22:27:19] LA COMANDA LOGGER.INFO: metodo=POST, URI=http%3A%2F%2Flocalhost%2FTP%2Fpublic, RUTA=comandaORM%2Fcomidas, autoridad=localhost [] {"uid":"5b5ec5f"}
[2019-12-02 22:27:40] LA COMANDA LOGGER.INFO: metodo=POST, URI=http%3A%2F%2Flocalhost%2FTP%2Fpublic, RUTA=comandaORM%2Fcomidas, autoridad=localhost [] {"uid":"8757506"}
[2019-12-02 22:27:54] LA COMANDA LOGGER.INFO: metodo=POST, URI=http%3A%2F%2Flocalhost%2FTP%2Fpublic, RUTA=comandaORM%2Fcomidas, autoridad=localhost [] {"uid":"4ea5399"}
[2019-12-02 22:28:16] LA COMANDA LOGGER.INFO: metodo=POST, URI=http%3A%2F%2Flocalhost%2FTP%2Fpublic, RUTA=comandaORM%2Fcomidas, autoridad=localhost [] {"uid":"9a533be"}
[2019-12-02 22:28:24] LA COMANDA LOGGER.INFO: metodo=POST, URI=http%3A%2F%2Flocalhost%2FTP%2Fpublic, RUTA=comandaORM%2Fcomidas, autoridad=localhost [] {"uid":"ec2d006"}
[2019-12-02 22:29:30] LA COMANDA LOGGER.INFO: metodo=POST, URI=http%3A%2F%2Flocalhost%2FTP%2Fpublic, RUTA=comandaORM%2Fcomidas, autoridad=localhost [] {"uid":"2f45c1c"}
[2019-12-02 22:30:08] LA COMANDA LOGGER.INFO: metodo=POST, URI=http%3A%2F%2Flocalhost%2FTP%2Fpublic, RUTA=comandaORM%2Fcomidas%2Fborrar%2F%257B8%257D, autoridad=localhost [] {"uid":"202c2cc"}
[2019-12-02 22:30:37] LA COMANDA LOGGER.INFO: metodo=POST, URI=http%3A%2F%2Flocalhost%2FTP%2Fpublic, RUTA=comandaORM%2Fcomidas%2Feliminar%2F%257B8%257D, autoridad=localhost [] {"uid":"2fe453b"}
[2019-12-02 22:30:53] LA COMANDA LOGGER.INFO: metodo=POST, URI=http%3A%2F%2Flocalhost%2FTP%2Fpublic, RUTA=comandaORM%2Fcomidas%2Feliminar%2F%257B8%257D, autoridad=localhost [] {"uid":"dfb653e"}
[2019-12-02 22:31:13] LA COMANDA LOGGER.INFO: metodo=POST, URI=http%3A%2F%2Flocalhost%2FTP%2Fpublic, RUTA=comandaORM%2Fcomidas%2Feliminar%2F%257B8%257D, autoridad=localhost [] {"uid":"38cbbbd"}
[2019-12-02 22:31:33] LA COMANDA LOGGER.INFO: metodo=POST, URI=http%3A%2F%2Flocalhost%2FTP%2Fpublic, RUTA=comandaORM%2Fcomidas%2Feliminar%2F%257B8%257D, autoridad=localhost [] {"uid":"e7bd854"}
[2019-12-02 22:32:24] LA COMANDA LOGGER.INFO: metodo=POST, URI=http%3A%2F%2Flocalhost%2FTP%2Fpublic, RUTA=comandaORM%2Fcomidas%2Feliminar%2F8, autoridad=localhost [] {"uid":"bd8d5a0"}
[2019-12-02 22:46:07] LA COMANDA LOGGER.INFO: metodo=POST, URI=http%3A%2F%2Flocalhost%2FTP%2Fpublic, RUTA=comandaORM%2Fcomidas%2Fmodificar%2F7, autoridad=localhost [] {"uid":"6ae3ccd"}
[2019-12-02 22:46:36] LA COMANDA LOGGER.INFO: metodo=POST, URI=http%3A%2F%2Flocalhost%2FTP%2Fpublic, RUTA=comandaORM%2Fcomidas%2Fmodificar%2F7, autoridad=localhost [] {"uid":"9218eec"}
[2019-12-02 22:46:51] LA COMANDA LOGGER.INFO: metodo=POST, URI=http%3A%2F%2Flocalhost%2FTP%2Fpublic, RUTA=comandaORM%2Fcomidas%2Fmodificar%2F7, autoridad=localhost [] {"uid":"dfe7a52"}
[2019-12-02 22:47:09] LA COMANDA LOGGER.INFO: metodo=POST, URI=http%3A%2F%2Flocalhost%2FTP%2Fpublic, RUTA=comandaORM%2Fcomidas%2Fmodificar%2F7, autoridad=localhost [] {"uid":"2e6f86a"}
[2019-12-02 22:55:51] LA COMANDA LOGGER.INFO: metodo=POST, URI=http%3A%2F%2Flocalhost%2FTP%2Fpublic, RUTA=comandaORM%2Fmesas%2Fmodificar%2F%257B2%257D, autoridad=localhost [] {"uid":"119aff6"}
[2019-12-02 22:55:58] LA COMANDA LOGGER.INFO: metodo=POST, URI=http%3A%2F%2Flocalhost%2FTP%2Fpublic, RUTA=comandaORM%2Fmesas%2Fmodificar%2F2, autoridad=localhost [] {"uid":"4eecdfa"}
[2019-12-02 22:56:02] LA COMANDA LOGGER.INFO: metodo=POST, URI=http%3A%2F%2Flocalhost%2FTP%2Fpublic, RUTA=comandaORM%2Fmesas%2Fmodificar%2F2, autoridad=localhost [] {"uid":"eaaf2a7"}
[2019-12-02 22:56:38] LA COMANDA LOGGER.INFO: metodo=POST, URI=http%3A%2F%2Flocalhost%2FTP%2Fpublic, RUTA=comandaORM%2Fmesas%2Fmodificar%2F2, autoridad=localhost [] {"uid":"075235a"}
[2019-12-02 22:57:05] LA COMANDA LOGGER.INFO: metodo=POST, URI=http%3A%2F%2Flocalhost%2FTP%2Fpublic, RUTA=comandaORM%2Fmesas%2Fmodificar%2F2, autoridad=localhost [] {"uid":"a9287e3"}
[2019-12-02 22:57:56] LA COMANDA LOGGER.INFO: metodo=POST, URI=http%3A%2F%2Flocalhost%2FTP%2Fpublic, RUTA=comandaORM%2Fmesas, autoridad=localhost [] {"uid":"a6bd24b"}
[2019-12-02 23:00:27] LA COMANDA LOGGER.INFO: metodo=POST, URI=http%3A%2F%2Flocalhost%2FTP%2Fpublic, RUTA=comandaORM%2Fmesas%2Feliminar%2F5, autoridad=localhost [] {"uid":"4b8d7c2"}
[2019-12-02 23:00:36] LA COMANDA LOGGER.INFO: metodo=POST, URI=http%3A%2F%2Flocalhost%2FTP%2Fpublic, RUTA=comandaORM%2Fmesas%2Feliminar%2F5, autoridad=localhost [] {"uid":"11f4f55"}
[2019-12-02 23:00:58] LA COMANDA LOGGER.INFO: metodo=POST, URI=http%3A%2F%2Flocalhost%2FTP%2Fpublic, RUTA=comandaORM%2Fmesas%2Feliminar%2F5, autoridad=localhost [] {"uid":"f4cf581"}
[2019-12-02 23:16:16] LA COMANDA LOGGER.INFO: metodo=POST, URI=http%3A%2F%2Flocalhost%2FTP%2Fpublic, RUTA=comandaORM%2Fmesas%2Feliminar%2F5, autoridad=localhost [] {"uid":"a027337"}
[2019-12-02 23:29:39] LA COMANDA LOGGER.INFO: metodo=POST, URI=http%3A%2F%2Flocalhost%2FTP%2Fpublic, RUTA=comandaORM%2Fempleados, autoridad=localhost [] {"uid":"e8a2445"}
[2019-12-02 23:30:06] LA COMANDA LOGGER.INFO: metodo=POST, URI=http%3A%2F%2Flocalhost%2FTP%2Fpublic, RUTA=comandaORM%2Fempleados, autoridad=localhost [] {"uid":"3d3ac97"}
[2019-12-02 23:31:07] LA COMANDA LOGGER.INFO: metodo=POST, URI=http%3A%2F%2Flocalhost%2FTP%2Fpublic, RUTA=comandaORM%2Fempleados%2Fsuspender%2F106, autoridad=localhost [] {"uid":"577dc78"}
[2019-12-02 23:31:48] LA COMANDA LOGGER.INFO: metodo=POST, URI=http%3A%2F%2Flocalhost%2FTP%2Fpublic, RUTA=comandaORM%2Fempleados%2Fsuspender%2F106, autoridad=localhost [] {"uid":"efff5a9"}
[2019-12-02 23:32:28] LA COMANDA LOGGER.INFO: metodo=POST, URI=http%3A%2F%2Flocalhost%2FTP%2Fpublic, RUTA=comandaORM%2Fempleados%2Fsuspender%2F106, autoridad=localhost [] {"uid":"1491149"}
[2019-12-02 23:32:38] LA COMANDA LOGGER.INFO: metodo=POST, URI=http%3A%2F%2Flocalhost%2FTP%2Fpublic, RUTA=comandaORM%2Fempleados%2Fsuspender%2F106, autoridad=localhost [] {"uid":"a007af7"}
[2019-12-02 23:33:02] LA COMANDA LOGGER.INFO: metodo=DELETE, URI=http%3A%2F%2Flocalhost%2FTP%2Fpublic, RUTA=comandaORM%2Fempleados%2F106, autoridad=localhost [] {"uid":"a08e208"}
[2019-12-02 23:33:19] LA COMANDA LOGGER.INFO: metodo=DELETE, URI=http%3A%2F%2Flocalhost%2FTP%2Fpublic, RUTA=comandaORM%2Fempleados%2Feliminar%2F106, autoridad=localhost [] {"uid":"f3deeb8"}
[2019-12-02 23:33:30] LA COMANDA LOGGER.INFO: metodo=POST, URI=http%3A%2F%2Flocalhost%2FTP%2Fpublic, RUTA=comandaORM%2Fempleados%2Feliminar%2F106, autoridad=localhost [] {"uid":"222a6c5"}
[2019-12-02 23:35:01] LA COMANDA LOGGER.INFO: metodo=POST, URI=http%3A%2F%2Flocalhost%2FTP%2Fpublic, RUTA=comandaORM%2Fempleados%2Feliminar%2F106, autoridad=localhost [] {"uid":"1227465"}
[2019-12-02 23:35:49] LA COMANDA LOGGER.INFO: metodo=POST, URI=http%3A%2F%2Flocalhost%2FTP%2Fpublic, RUTA=comandaORM%2Fempleados%2Feliminar%2F106, autoridad=localhost [] {"uid":"c681d8b"}
[2019-12-02 23:35:53] LA COMANDA LOGGER.INFO: metodo=POST, URI=http%3A%2F%2Flocalhost%2FTP%2Fpublic, RUTA=comandaORM%2Fempleados%2Feliminar%2F107, autoridad=localhost [] {"uid":"7ef6146"}
[2019-12-02 23:36:36] LA COMANDA LOGGER.INFO: metodo=POST, URI=http%3A%2F%2Flocalhost%2FTP%2Fpublic, RUTA=comandaORM%2Fempleados%2Fmodificar%2F103, autoridad=localhost [] {"uid":"bd51498"}
[2019-12-02 23:37:43] LA COMANDA LOGGER.INFO: metodo=POST, URI=http%3A%2F%2Flocalhost%2FTP%2Fpublic, RUTA=comandaORM%2Fempleados%2Fmodificar%2F103, autoridad=localhost [] {"uid":"10ff143"}
[2019-12-02 23:38:28] LA COMANDA LOGGER.INFO: metodo=POST, URI=http%3A%2F%2Flocalhost%2FTP%2Fpublic, RUTA=comandaORM%2Fempleados%2Fmodificar%2F103, autoridad=localhost [] {"uid":"9a1d51b"}
[2019-12-02 23:43:55] LA COMANDA LOGGER.INFO: metodo=POST, URI=http%3A%2F%2Flocalhost%2FTP%2Fpublic, RUTA=comandaORM%2Fpedidos, autoridad=localhost [] {"uid":"5aee881"}
[2019-12-02 23:44:46] LA COMANDA LOGGER.INFO: metodo=POST, URI=http%3A%2F%2Flocalhost%2FTP%2Fpublic, RUTA=comandaORM%2Fpedidos, autoridad=localhost [] {"uid":"0ec2131"}
[2019-12-02 23:45:23] LA COMANDA LOGGER.INFO: metodo=POST, URI=http%3A%2F%2Flocalhost%2FTP%2Fpublic, RUTA=comandaORM%2Fpedidos, autoridad=localhost [] {"uid":"fe9fd31"}
[2019-12-02 23:47:50] LA COMANDA LOGGER.INFO: metodo=POST, URI=http%3A%2F%2Flocalhost%2FTP%2Fpublic, RUTA=comandaORM%2Fpedidos, autoridad=localhost [] {"uid":"0de4ca0"}
[2019-12-02 23:49:31] LA COMANDA LOGGER.INFO: metodo=POST, URI=http%3A%2F%2Flocalhost%2FTP%2Fpublic, RUTA=comandaORM%2Fpedidos, autoridad=localhost [] {"uid":"5b6b648"}
[2019-12-02 23:50:09] LA COMANDA LOGGER.INFO: metodo=POST, URI=http%3A%2F%2Flocalhost%2FTP%2Fpublic, RUTA=comandaORM%2Fpedidos, autoridad=localhost [] {"uid":"4550429"}
[2019-12-02 23:50:34] LA COMANDA LOGGER.INFO: metodo=POST, URI=http%3A%2F%2Flocalhost%2FTP%2Fpublic, RUTA=comandaORM%2Fpedidos, autoridad=localhost [] {"uid":"6c3bd37"}
[2019-12-02 23:56:53] LA COMANDA LOGGER.INFO: metodo=POST, URI=http%3A%2F%2Flocalhost%2FTP%2Fpublic, RUTA=comandaORM%2Fempleados%2Fmodificar%2F103, autoridad=localhost [] {"uid":"2a4fb64"}
[2019-12-02 23:57:38] LA COMANDA LOGGER.INFO: metodo=POST, URI=http%3A%2F%2Flocalhost%2FTP%2Fpublic, RUTA=comandaORM%2Fempleados%2Flogin, autoridad=localhost [] {"uid":"819d12f"}
[2019-12-02 23:58:24] LA COMANDA LOGGER.INFO: metodo=POST, URI=http%3A%2F%2Flocalhost%2FTP%2Fpublic, RUTA=comandaORM%2Fempleados%2Flogin, autoridad=localhost [] {"uid":"95718bd"}
[2019-12-02 23:58:55] LA COMANDA LOGGER.INFO: metodo=GET, URI=http%3A%2F%2Flocalhost%2FTP%2Fpublic, RUTA=comandaORM%2Fpedidos, autoridad=localhost [] {"uid":"e7448e9"}
[2019-12-02 23:59:19] LA COMANDA LOGGER.INFO: metodo=GET, URI=http%3A%2F%2Flocalhost%2FTP%2Fpublic, RUTA=comandaORM%2Fpedidos, autoridad=localhost [] {"uid":"7f3afa3"}
[2019-12-02 23:59:55] LA COMANDA LOGGER.INFO: metodo=GET, URI=http%3A%2F%2Flocalhost%2FTP%2Fpublic, RUTA=comandaORM%2Fpedidos, autoridad=localhost [] {"uid":"c881dbf"}
[2019-12-03 00:00:34] LA COMANDA LOGGER.INFO: metodo=POST, URI=http%3A%2F%2Flocalhost%2FTP%2Fpublic, RUTA=comandaORM%2Fpedidos%2Fpreparar%2F11, autoridad=localhost [] {"uid":"9541f1f"}
[2019-12-03 00:01:35] LA COMANDA LOGGER.INFO: metodo=POST, URI=http%3A%2F%2Flocalhost%2FTP%2Fpublic, RUTA=comandaORM%2Fpedidos%2Fterminar%2F11, autoridad=localhost [] {"uid":"992035d"}
[2019-12-03 00:03:46] LA COMANDA LOGGER.INFO: metodo=POST, URI=http%3A%2F%2Flocalhost%2FTP%2Fpublic, RUTA=comandaORM%2Fpedidos%2Fentregar%2F77460, autoridad=localhost [] {"uid":"d1b6791"}
[2019-12-03 00:04:08] LA COMANDA LOGGER.INFO: metodo=POST, URI=http%3A%2F%2Flocalhost%2FTP%2Fpublic, RUTA=comandaORM%2Fpedidos%2Fentregar%2F77460, autoridad=localhost [] {"uid":"1bc5040"}
[2019-12-03 00:04:24] LA COMANDA LOGGER.INFO: metodo=POST, URI=http%3A%2F%2Flocalhost%2FTP%2Fpublic, RUTA=comandaORM%2Fpedidos%2Fcobrar%2F77460, autoridad=localhost [] {"uid":"8ca4a94"}
[2019-12-03 00:07:20] LA COMANDA LOGGER.INFO: metodo=POST, URI=http%3A%2F%2Flocalhost%2FTP%2Fpublic, RUTA=comandaORM%2Fpedidos%2Fcobrar%2F77460, autoridad=localhost [] {"uid":"ac43e1d"}
[2019-12-03 00:07:54] LA COMANDA LOGGER.INFO: metodo=POST, URI=http%3A%2F%2Flocalhost%2FTP%2Fpublic, RUTA=comandaORM%2Fpedidos%2Fcobrar%2F77460, autoridad=localhost [] {"uid":"7eb6ddf"}
[2019-12-03 00:11:07] LA COMANDA LOGGER.INFO: metodo=POST, URI=http%3A%2F%2Flocalhost%2FTP%2Fpublic, RUTA=comandaORM%2Fpedidos%2Fcobrar%2F77460, autoridad=localhost [] {"uid":"80f5d68"}
[2019-12-03 00:11:56] LA COMANDA LOGGER.INFO: metodo=POST, URI=http%3A%2F%2Flocalhost%2FTP%2Fpublic, RUTA=comandaORM%2Fpedidos%2Fcobrar%2F77460, autoridad=localhost [] {"uid":"97429d5"}
[2019-12-03 00:13:22] LA COMANDA LOGGER.INFO: metodo=POST, URI=http%3A%2F%2Flocalhost%2FTP%2Fpublic, RUTA=comandaORM%2Fpedidos%2Fcobrar%2F77460, autoridad=localhost [] {"uid":"fb46243"}
[2019-12-03 00:16:25] LA COMANDA LOGGER.INFO: metodo=POST, URI=http%3A%2F%2Flocalhost%2FTP%2Fpublic, RUTA=comandaORM%2Fpedidos%2Fcobrar%2F77460, autoridad=localhost [] {"uid":"afa9898"}
[2019-12-03 00:17:35] LA COMANDA LOGGER.INFO: metodo=POST, URI=http%3A%2F%2Flocalhost%2FTP%2Fpublic, RUTA=comandaORM%2Fpedidos%2Fcobrar%2F77460, autoridad=localhost [] {"uid":"2fd6c6f"}
[2019-12-03 00:17:51] LA COMANDA LOGGER.INFO: metodo=POST, URI=http%3A%2F%2Flocalhost%2FTP%2Fpublic, RUTA=comandaORM%2Fpedidos%2Fcobrar%2F77460, autoridad=localhost [] {"uid":"1e78cfa"}
[2019-12-03 00:18:35] LA COMANDA LOGGER.INFO: metodo=POST, URI=http%3A%2F%2Flocalhost%2FTP%2Fpublic, RUTA=comandaORM%2Fpedidos%2Fcobrar%2F77460, autoridad=localhost [] {"uid":"6c5cc0c"}
[2019-12-03 00:18:51] LA COMANDA LOGGER.INFO: metodo=POST, URI=http%3A%2F%2Flocalhost%2FTP%2Fpublic, RUTA=comandaORM%2Fpedidos%2Fcobrar%2F77460, autoridad=localhost [] {"uid":"dd782ed"}
[2019-12-03 00:19:17] LA COMANDA LOGGER.INFO: metodo=POST, URI=http%3A%2F%2Flocalhost%2FTP%2Fpublic, RUTA=comandaORM%2Fpedidos%2Fcobrar%2F77460, autoridad=localhost [] {"uid":"21766cc"}
[2019-12-03 00:19:46] LA COMANDA LOGGER.INFO: metodo=POST, URI=http%3A%2F%2Flocalhost%2FTP%2Fpublic, RUTA=comandaORM%2Fpedidos%2Fcobrar%2F77460, autoridad=localhost [] {"uid":"4c39d23"}
[2019-12-03 00:20:36] LA COMANDA LOGGER.INFO: metodo=POST, URI=http%3A%2F%2Flocalhost%2FTP%2Fpublic, RUTA=comandaORM%2Fpedidos%2Fcobrar%2F77460, autoridad=localhost [] {"uid":"37da500"}
[2019-12-03 00:21:09] LA COMANDA LOGGER.INFO: metodo=POST, URI=http%3A%2F%2Flocalhost%2FTP%2Fpublic, RUTA=comandaORM%2Fpedidos%2Fcobrar%2F77460, autoridad=localhost [] {"uid":"0792f67"}
[2019-12-03 00:23:02] LA COMANDA LOGGER.INFO: metodo=POST, URI=http%3A%2F%2Flocalhost%2FTP%2Fpublic, RUTA=comandaORM%2Fpedidos%2Fcobrar%2F77460, autoridad=localhost [] {"uid":"efa19a5"}
[2019-12-03 00:26:16] LA COMANDA LOGGER.INFO: metodo=POST, URI=http%3A%2F%2Flocalhost%2FTP%2Fpublic, RUTA=comandaORM%2Fpedidos%2Fcobrar%2F77460, autoridad=localhost [] {"uid":"6c48d3b"}
[2019-12-03 00:26:50] LA COMANDA LOGGER.INFO: metodo=POST, URI=http%3A%2F%2Flocalhost%2FTP%2Fpublic, RUTA=comandaORM%2Fpedidos%2Fcobrar%2F77460, autoridad=localhost [] {"uid":"a3efdfe"}
[2019-12-03 00:27:10] LA COMANDA LOGGER.INFO: metodo=POST, URI=http%3A%2F%2Flocalhost%2FTP%2Fpublic, RUTA=comandaORM%2Fpedidos%2Fcobrar%2F77460, autoridad=localhost [] {"uid":"ab3ea18"}
[2019-12-03 00:27:35] LA COMANDA LOGGER.INFO: metodo=POST, URI=http%3A%2F%2Flocalhost%2FTP%2Fpublic, RUTA=comandaORM%2Fpedidos%2Fcobrar%2F77460, autoridad=localhost [] {"uid":"3a9990e"}
[2019-12-03 00:27:52] LA COMANDA LOGGER.INFO: metodo=POST, URI=http%3A%2F%2Flocalhost%2FTP%2Fpublic, RUTA=comandaORM%2Fpedidos%2Fcobrar%2F77460, autoridad=localhost [] {"uid":"d0b9381"}
[2019-12-03 00:28:33] LA COMANDA LOGGER.INFO: metodo=GET, URI=http%3A%2F%2Flocalhost%2FTP%2Fpublic, RUTA=comandaORM%2Fpedidos, autoridad=localhost [] {"uid":"adf95d3"}
[2019-12-03 00:32:17] LA COMANDA LOGGER.INFO: metodo=POST, URI=http%3A%2F%2Flocalhost%2FTP%2Fpublic, RUTA=comandaORM%2Fpedidos%2Fcobrar%2F77460, autoridad=localhost [] {"uid":"b343c3b"}
[2019-12-03 00:33:29] LA COMANDA LOGGER.INFO: metodo=POST, URI=http%3A%2F%2Flocalhost%2FTP%2Fpublic, RUTA=comandaORM%2Fpedidos%2Fcobrar%2F77460, autoridad=localhost [] {"uid":"9d496c4"}
[2019-12-03 00:37:04] LA COMANDA LOGGER.INFO: metodo=POST, URI=http%3A%2F%2Flocalhost%2FTP%2Fpublic, RUTA=comandaORM%2Fpedidos, autoridad=localhost [] {"uid":"4ccced3"}
[2019-12-03 00:37:27] LA COMANDA LOGGER.INFO: metodo=GET, URI=http%3A%2F%2Flocalhost%2FTP%2Fpublic, RUTA=comandaORM%2Fpedidos, autoridad=localhost [] {"uid":"c32dba8"}
[2019-12-03 00:37:41] LA COMANDA LOGGER.INFO: metodo=POST, URI=http%3A%2F%2Flocalhost%2FTP%2Fpublic, RUTA=comandaORM%2Fpedidos%2Fpreparar%2F12, autoridad=localhost [] {"uid":"eebb3d0"}
[2019-12-03 00:37:59] LA COMANDA LOGGER.INFO: metodo=GET, URI=http%3A%2F%2Flocalhost%2FTP%2Fpublic, RUTA=comandaORM%2Fpedidos, autoridad=localhost [] {"uid":"7cdd7b8"}
[2019-12-03 00:38:04] LA COMANDA LOGGER.INFO: metodo=POST, URI=http%3A%2F%2Flocalhost%2FTP%2Fpublic, RUTA=comandaORM%2Fpedidos%2Fpreparar%2F13, autoridad=localhost [] {"uid":"24eac73"}
[2019-12-03 00:38:07] LA COMANDA LOGGER.INFO: metodo=GET, URI=http%3A%2F%2Flocalhost%2FTP%2Fpublic, RUTA=comandaORM%2Fpedidos, autoridad=localhost [] {"uid":"35c3a56"}
[2019-12-03 00:39:48] LA COMANDA LOGGER.INFO: metodo=GET, URI=http%3A%2F%2Flocalhost%2FTP%2Fpublic, RUTA=comandaORM%2Fpedido, autoridad=localhost [] {"uid":"198912e"}
[2019-12-03 00:41:03] LA COMANDA LOGGER.INFO: metodo=GET, URI=http%3A%2F%2Flocalhost%2FTP%2Fpublic, RUTA=comandaORM%2Fpedido, autoridad=localhost [] {"uid":"9892e7d"}
[2019-12-03 00:41:23] LA COMANDA LOGGER.INFO: metodo=GET, URI=http%3A%2F%2Flocalhost%2FTP%2Fpublic, RUTA=comandaORM%2Fpedido, autoridad=localhost [] {"uid":"38c5dbf"}
[2019-12-03 00:43:40] LA COMANDA LOGGER.INFO: metodo=GET, URI=http%3A%2F%2Flocalhost%2FTP%2Fpublic, RUTA=comandaORM%2Fpedido, autoridad=localhost [] {"uid":"7c29e2e"}
[2019-12-03 00:44:26] LA COMANDA LOGGER.INFO: metodo=GET, URI=http%3A%2F%2Flocalhost%2FTP%2Fpublic, RUTA=comandaORM%2Fpedido, autoridad=localhost [] {"uid":"e4232bc"}
[2019-12-03 00:44:28] LA COMANDA LOGGER.INFO: metodo=GET, URI=http%3A%2F%2Flocalhost%2FTP%2Fpublic, RUTA=comandaORM%2Fpedido, autoridad=localhost [] {"uid":"454028b"}
[2019-12-03 00:44:58] LA COMANDA LOGGER.INFO: metodo=GET, URI=http%3A%2F%2Flocalhost%2FTP%2Fpublic, RUTA=comandaORM%2Fpedido, autoridad=localhost [] {"uid":"743794f"}
[2019-12-03 00:45:07] LA COMANDA LOGGER.INFO: metodo=GET, URI=http%3A%2F%2Flocalhost%2FTP%2Fpublic, RUTA=comandaORM%2Fpedido, autoridad=localhost [] {"uid":"1c2645a"}
[2019-12-03 00:45:45] LA COMANDA LOGGER.INFO: metodo=GET, URI=http%3A%2F%2Flocalhost%2FTP%2Fpublic, RUTA=comandaORM%2Fpedido, autoridad=localhost [] {"uid":"1234f86"}
[2019-12-03 00:45:55] LA COMANDA LOGGER.INFO: metodo=GET, URI=http%3A%2F%2Flocalhost%2FTP%2Fpublic, RUTA=comandaORM%2Fpedido, autoridad=localhost [] {"uid":"1428c1e"}
[2019-12-03 00:46:56] LA COMANDA LOGGER.INFO: metodo=GET, URI=http%3A%2F%2Flocalhost%2FTP%2Fpublic, RUTA=comandaORM%2Fpedido, autoridad=localhost [] {"uid":"587ebfc"}
[2019-12-03 00:47:48] LA COMANDA LOGGER.INFO: metodo=GET, URI=http%3A%2F%2Flocalhost%2FTP%2Fpublic, RUTA=comandaORM%2Fpedido, autoridad=localhost [] {"uid":"890b57d"}
[2019-12-03 00:48:42] LA COMANDA LOGGER.INFO: metodo=GET, URI=http%3A%2F%2Flocalhost%2FTP%2Fpublic, RUTA=comandaORM%2Fpedido, autoridad=localhost [] {"uid":"055fbcc"}
[2019-12-03 00:48:57] LA COMANDA LOGGER.INFO: metodo=GET, URI=http%3A%2F%2Flocalhost%2FTP%2Fpublic, RUTA=comandaORM%2Fpedido, autoridad=localhost [] {"uid":"ed09e88"}
[2019-12-03 00:49:24] LA COMANDA LOGGER.INFO: metodo=GET, URI=http%3A%2F%2Flocalhost%2FTP%2Fpublic, RUTA=comandaORM%2Fpedido, autoridad=localhost [] {"uid":"8bbe115"}
[2019-12-03 00:51:55] LA COMANDA LOGGER.INFO: metodo=GET, URI=http%3A%2F%2Flocalhost%2FTP%2Fpublic, RUTA=comandaORM%2Fpedido, autoridad=localhost [] {"uid":"a7e7725"}
[2019-12-03 00:52:29] LA COMANDA LOGGER.INFO: metodo=GET, URI=http%3A%2F%2Flocalhost%2FTP%2Fpublic, RUTA=comandaORM%2Fpedido, autoridad=localhost [] {"uid":"db36268"}
[2019-12-03 00:53:03] LA COMANDA LOGGER.INFO: metodo=GET, URI=http%3A%2F%2Flocalhost%2FTP%2Fpublic, RUTA=comandaORM%2Fpedido, autoridad=localhost [] {"uid":"d408993"}
[2019-12-03 00:54:33] LA COMANDA LOGGER.INFO: metodo=GET, URI=http%3A%2F%2Flocalhost%2FTP%2Fpublic, RUTA=comandaORM%2Fpedido, autoridad=localhost [] {"uid":"34e4a14"}
[2019-12-03 00:55:32] LA COMANDA LOGGER.INFO: metodo=GET, URI=http%3A%2F%2Flocalhost%2FTP%2Fpublic, RUTA=comandaORM%2Fpedido, autoridad=localhost [] {"uid":"00b409e"}
[2019-12-03 00:56:03] LA COMANDA LOGGER.INFO: metodo=GET, URI=http%3A%2F%2Flocalhost%2FTP%2Fpublic, RUTA=comandaORM%2Fpedido, autoridad=localhost [] {"uid":"c37925a"}
[2019-12-03 00:56:24] LA COMANDA LOGGER.INFO: metodo=GET, URI=http%3A%2F%2Flocalhost%2FTP%2Fpublic, RUTA=comandaORM%2Fpedido, autoridad=localhost [] {"uid":"52bdc13"}
[2019-12-03 00:56:29] LA COMANDA LOGGER.INFO: metodo=GET, URI=http%3A%2F%2Flocalhost%2FTP%2Fpublic, RUTA=comandaORM%2Fpedido, autoridad=localhost [] {"uid":"36aa7ca"}
[2019-12-03 00:57:27] LA COMANDA LOGGER.INFO: metodo=GET, URI=http%3A%2F%2Flocalhost%2FTP%2Fpublic, RUTA=comandaORM%2Fpedido, autoridad=localhost [] {"uid":"2a62442"}
[2019-12-03 01:00:58] LA COMANDA LOGGER.INFO: metodo=GET, URI=http%3A%2F%2Flocalhost%2FTP%2Fpublic, RUTA=comandaORM%2Fpedido, autoridad=localhost [] {"uid":"63fcf19"}
[2019-12-03 01:01:16] LA COMANDA LOGGER.INFO: metodo=GET, URI=http%3A%2F%2Flocalhost%2FTP%2Fpublic, RUTA=comandaORM%2Fpedido, autoridad=localhost [] {"uid":"68980d9"}
[2019-12-03 01:01:23] LA COMANDA LOGGER.INFO: metodo=GET, URI=http%3A%2F%2Flocalhost%2FTP%2Fpublic, RUTA=comandaORM%2Fpedido, autoridad=localhost [] {"uid":"a0e0eda"}
[2019-12-03 01:01:47] LA COMANDA LOGGER.INFO: metodo=GET, URI=http%3A%2F%2Flocalhost%2FTP%2Fpublic, RUTA=comandaORM%2Fpedido, autoridad=localhost [] {"uid":"a4b37c6"}
[2019-12-03 01:05:56] LA COMANDA LOGGER.INFO: metodo=GET, URI=http%3A%2F%2Flocalhost%2FTP%2Fpublic, RUTA=comandaORM%2Fpedido, autoridad=localhost [] {"uid":"a31398c"}
[2019-12-03 01:06:02] LA COMANDA LOGGER.INFO: metodo=GET, URI=http%3A%2F%2Flocalhost%2FTP%2Fpublic, RUTA=comandaORM%2Fpedido, autoridad=localhost [] {"uid":"9f2edbc"}
[2019-12-03 01:07:02] LA COMANDA LOGGER.INFO: metodo=GET, URI=http%3A%2F%2Flocalhost%2FTP%2Fpublic, RUTA=comandaORM%2Fpedido, autoridad=localhost [] {"uid":"b70a291"}
[2019-12-03 01:07:12] LA COMANDA LOGGER.INFO: metodo=GET, URI=http%3A%2F%2Flocalhost%2FTP%2Fpublic, RUTA=comandaORM%2Fpedido, autoridad=localhost [] {"uid":"ad50266"}
[2019-12-03 01:13:13] LA COMANDA LOGGER.INFO: metodo=GET, URI=http%3A%2F%2Flocalhost%2FTP%2Fpublic, RUTA=comandaORM%2Fpedidos%2Fcancelar%2F11, autoridad=localhost [] {"uid":"cbcbddd"}
[2019-12-03 01:13:21] LA COMANDA LOGGER.INFO: metodo=POST, URI=http%3A%2F%2Flocalhost%2FTP%2Fpublic, RUTA=comandaORM%2Fpedidos%2Fcancelar%2F11, autoridad=localhost [] {"uid":"65cb528"}
[2019-12-03 01:16:21] LA COMANDA LOGGER.INFO: metodo=GET, URI=http%3A%2F%2Flocalhost%2FTP%2Fpublic, RUTA=comandaORM%2Fpedido, autoridad=localhost [] {"uid":"1591313"}
[2019-12-03 01:16:42] LA COMANDA LOGGER.INFO: metodo=GET, URI=http%3A%2F%2Flocalhost%2FTP%2Fpublic, RUTA=comandaORM%2Fpedido, autoridad=localhost [] {"uid":"15de92f"}
[2019-12-03 01:17:33] LA COMANDA LOGGER.INFO: metodo=POST, URI=http%3A%2F%2Flocalhost%2FTP%2Fpublic, RUTA=comandaORM%2Fpedidos%2Fcancelar%2F12, autoridad=localhost [] {"uid":"755e72c"}
[2019-12-03 01:17:39] LA COMANDA LOGGER.INFO: metodo=GET, URI=http%3A%2F%2Flocalhost%2FTP%2Fpublic, RUTA=comandaORM%2Fpedido, autoridad=localhost [] {"uid":"7d0586e"}
[2019-12-03 01:17:48] LA COMANDA LOGGER.INFO: metodo=POST, URI=http%3A%2F%2Flocalhost%2FTP%2Fpublic, RUTA=comandaORM%2Fpedidos%2Fcancelar%2F13, autoridad=localhost [] {"uid":"87c8593"}
[2019-12-03 01:17:50] LA COMANDA LOGGER.INFO: metodo=GET, URI=http%3A%2F%2Flocalhost%2FTP%2Fpublic, RUTA=comandaORM%2Fpedido, autoridad=localhost [] {"uid":"746bc0d"}
[2019-12-03 01:18:44] LA COMANDA LOGGER.INFO: metodo=GET, URI=http%3A%2F%2Flocalhost%2FTP%2Fpublic, RUTA=comandaORM%2Fpedido, autoridad=localhost [] {"uid":"ab4f861"}
[2019-12-03 01:20:52] LA COMANDA LOGGER.INFO: metodo=POST, URI=http%3A%2F%2Flocalhost%2FTP%2Fpublic, RUTA=comandaORM%2Fmesas%2Fcerrar%2F3, autoridad=localhost [] {"uid":"5e2db29"}
[2019-12-03 01:22:24] LA COMANDA LOGGER.INFO: metodo=POST, URI=http%3A%2F%2Flocalhost%2FTP%2Fpublic, RUTA=comandaORM%2Fmesas%2Fcerrar%2F3, autoridad=localhost [] {"uid":"9b30cbd"}
[2019-12-03 01:22:56] LA COMANDA LOGGER.INFO: metodo=POST, URI=http%3A%2F%2Flocalhost%2FTP%2Fpublic, RUTA=comandaORM%2Fmesas%2Fcerrar%2F3, autoridad=localhost [] {"uid":"b41d49e"}
[2019-12-03 01:23:33] LA COMANDA LOGGER.INFO: metodo=POST, URI=http%3A%2F%2Flocalhost%2FTP%2Fpublic, RUTA=comandaORM%2Fmesas%2Fcerrar%2F3, autoridad=localhost [] {"uid":"715707e"}
[2019-12-03 02:20:45] LA COMANDA LOGGER.INFO: metodo=POST, URI=http%3A%2F%2Flocalhost%2FTP%2Fpublic, RUTA=comandaORM%2Fmesas%2Fcerrar%2F3, autoridad=localhost [] {"uid":"58981cd"}
[2019-12-03 02:21:38] LA COMANDA LOGGER.INFO: metodo=POST, URI=http%3A%2F%2Flocalhost%2FTP%2Fpublic, RUTA=comandaORM%2Fmesas%2Fcerrar%2F3, autoridad=localhost [] {"uid":"a414313"}
[2019-12-03 02:22:50] LA COMANDA LOGGER.INFO: metodo=POST, URI=http%3A%2F%2Flocalhost%2FTP%2Fpublic, RUTA=comandaORM%2Fempleados%2Flogin, autoridad=localhost [] {"uid":"92e529b"}
[2019-12-03 02:23:03] LA COMANDA LOGGER.INFO: metodo=POST, URI=http%3A%2F%2Flocalhost%2FTP%2Fpublic, RUTA=comandaORM%2Fmesas%2Fcerrar%2F3, autoridad=localhost [] {"uid":"c9d5d49"}
[2019-12-03 02:42:20] LA COMANDA LOGGER.INFO: metodo=POST, URI=http%3A%2F%2Flocalhost%2FTP%2Fpublic, RUTA=comandaORM%2Fpedidos, autoridad=localhost [] {"uid":"070c949"}
[2019-12-03 02:42:44] LA COMANDA LOGGER.INFO: metodo=POST, URI=http%3A%2F%2Flocalhost%2FTP%2Fpublic, RUTA=comandaORM%2Fpedidos, autoridad=localhost [] {"uid":"4dfb84d"}
[2019-12-03 03:02:24] LA COMANDA LOGGER.INFO: metodo=POST, URI=http%3A%2F%2Flocalhost%2FTP%2Fpublic, RUTA=comandaORM%2Fclientes%2Fencuesta, autoridad=localhost [] {"uid":"fd779e4"}
[2019-12-03 03:02:32] LA COMANDA LOGGER.INFO: metodo=POST, URI=http%3A%2F%2Flocalhost%2FTP%2Fpublic, RUTA=comandaORM%2Fclientes%2Fencuesta, autoridad=localhost [] {"uid":"864f0b4"}
[2019-12-03 03:03:12] LA COMANDA LOGGER.INFO: metodo=POST, URI=http%3A%2F%2Flocalhost%2FTP%2Fpublic, RUTA=comandaORM%2Fclientes%2Fencuesta, autoridad=localhost [] {"uid":"9cdc55a"}
[2019-12-03 03:03:34] LA COMANDA LOGGER.INFO: metodo=POST, URI=http%3A%2F%2Flocalhost%2FTP%2Fpublic, RUTA=comandaORM%2Fclientes%2Fencuesta, autoridad=localhost [] {"uid":"2a6b917"}
[2019-12-03 03:03:48] LA COMANDA LOGGER.INFO: metodo=POST, URI=http%3A%2F%2Flocalhost%2FTP%2Fpublic, RUTA=comandaORM%2Fclientes%2Fencuesta, autoridad=localhost [] {"uid":"0b9fed6"}
[2019-12-03 03:04:08] LA COMANDA LOGGER.INFO: metodo=POST, URI=http%3A%2F%2Flocalhost%2FTP%2Fpublic, RUTA=comandaORM%2Fclientes%2Fencuesta, autoridad=localhost [] {"uid":"1af48df"}
[2019-12-03 03:04:53] LA COMANDA LOGGER.INFO: metodo=POST, URI=http%3A%2F%2Flocalhost%2FTP%2Fpublic, RUTA=comandaORM%2Fclientes%2Fencuesta, autoridad=localhost [] {"uid":"e99ec75"}
[2019-12-03 03:05:27] LA COMANDA LOGGER.INFO: metodo=POST, URI=http%3A%2F%2Flocalhost%2FTP%2Fpublic, RUTA=comandaORM%2Fclientes%2Fencuesta, autoridad=localhost [] {"uid":"ebf1048"}
[2019-12-03 03:05:32] LA COMANDA LOGGER.INFO: metodo=POST, URI=http%3A%2F%2Flocalhost%2FTP%2Fpublic, RUTA=comandaORM%2Fclientes%2Fencuesta, autoridad=localhost [] {"uid":"c7b6761"}
[2019-12-03 03:14:24] LA COMANDA LOGGER.INFO: metodo=GET, URI=http%3A%2F%2Flocalhost%2FTP%2Fpublic, RUTA=comandaORM%2Fclientes%2Fencuesta, autoridad=localhost [] {"uid":"21454cd"}
[2019-12-03 03:14:48] LA COMANDA LOGGER.INFO: metodo=GET, URI=http%3A%2F%2Flocalhost%2FTP%2Fpublic, RUTA=comandaORM%2Fadmin%2Foperaciones, autoridad=localhost [] {"uid":"284fd05"}
[2019-12-03 03:15:16] LA COMANDA LOGGER.INFO: metodo=GET, URI=http%3A%2F%2Flocalhost%2FTP%2Fpublic, RUTA=comandaORM%2Fadmin%2Foperaciones, autoridad=localhost [] {"uid":"ecbb02b"}
[2019-12-03 03:15:24] LA COMANDA LOGGER.INFO: metodo=GET, URI=http%3A%2F%2Flocalhost%2FTP%2Fpublic, RUTA=comandaORM%2Fadmin%2Foperaciones, autoridad=localhost [] {"uid":"7ea0915"}
[2019-12-03 03:15:33] LA COMANDA LOGGER.INFO: metodo=GET, URI=http%3A%2F%2Flocalhost%2FTP%2Fpublic, RUTA=comandaORM%2Fadmin%2Foperaciones, autoridad=localhost [] {"uid":"3a76b40"}
[2019-12-03 03:16:34] LA COMANDA LOGGER.INFO: metodo=GET, URI=http%3A%2F%2Flocalhost%2FTP%2Fpublic, RUTA=comandaORM%2Fadmin%2Foperaciones, autoridad=localhost [] {"uid":"9ef5525"}
[2019-12-03 03:17:22] LA COMANDA LOGGER.INFO: metodo=GET, URI=http%3A%2F%2Flocalhost%2FTP%2Fpublic, RUTA=comandaORM%2Fadmin%2Foperaciones, autoridad=localhost [] {"uid":"c308aca"}
[2019-12-03 03:19:45] LA COMANDA LOGGER.INFO: metodo=GET, URI=http%3A%2F%2Flocalhost%2FTP%2Fpublic, RUTA=comandaORM%2Fadmin%2Foperaciones, autoridad=localhost [] {"uid":"6282a98"}
[2019-12-03 03:20:30] LA COMANDA LOGGER.INFO: metodo=GET, URI=http%3A%2F%2Flocalhost%2FTP%2Fpublic, RUTA=comandaORM%2Fadmin%2Foperaciones, autoridad=localhost [] {"uid":"1390ae0"}
[2019-12-03 03:20:48] LA COMANDA LOGGER.INFO: metodo=GET, URI=http%3A%2F%2Flocalhost%2FTP%2Fpublic, RUTA=comandaORM%2Fadmin%2Foperaciones, autoridad=localhost [] {"uid":"f40f960"}
[2019-12-03 03:21:01] LA COMANDA LOGGER.INFO: metodo=GET, URI=http%3A%2F%2Flocalhost%2FTP%2Fpublic, RUTA=comandaORM%2Fadmin%2Foperaciones, autoridad=localhost [] {"uid":"d5c7b96"}
[2019-12-03 03:23:33] LA COMANDA LOGGER.INFO: metodo=GET, URI=http%3A%2F%2Flocalhost%2FTP%2Fpublic, RUTA=comandaORM%2Fadmin%2Foperaciones, autoridad=localhost [] {"uid":"9db64ae"}
[2019-12-03 03:23:59] LA COMANDA LOGGER.INFO: metodo=GET, URI=http%3A%2F%2Flocalhost%2FTP%2Fpublic, RUTA=comandaORM%2Fadmin%2Foperaciones, autoridad=localhost [] {"uid":"54e02a4"}
[2019-12-03 03:28:36] LA COMANDA LOGGER.INFO: metodo=GET, URI=http%3A%2F%2Flocalhost%2FTP%2Fpublic, RUTA=comandaORM%2Fadmin%2Foperaciones, autoridad=localhost [] {"uid":"16facfe"}
[2019-12-03 03:31:36] LA COMANDA LOGGER.INFO: metodo=GET, URI=http%3A%2F%2Flocalhost%2FTP%2Fpublic, RUTA=comandaORM%2Fadmin%2Foperaciones, autoridad=localhost [] {"uid":"f224bcc"}
[2019-12-03 03:31:50] LA COMANDA LOGGER.INFO: metodo=GET, URI=http%3A%2F%2Flocalhost%2FTP%2Fpublic, RUTA=comandaORM%2Fadmin%2Foperaciones, autoridad=localhost [] {"uid":"fbbc8d8"}
[2019-12-03 03:33:02] LA COMANDA LOGGER.INFO: metodo=GET, URI=http%3A%2F%2Flocalhost%2FTP%2Fpublic, RUTA=comandaORM%2Fadmin%2Foperaciones, autoridad=localhost [] {"uid":"3ec1096"}
[2019-12-03 04:01:24] LA COMANDA LOGGER.INFO: metodo=GET, URI=http%3A%2F%2Flocalhost%2FTP%2Fpublic, RUTA=comandaORM%2Fadmin%2Fpedidos, autoridad=localhost [] {"uid":"5c9eb39"}
[2019-12-03 04:01:45] LA COMANDA LOGGER.INFO: metodo=GET, URI=http%3A%2F%2Flocalhost%2FTP%2Fpublic, RUTA=comandaORM%2Fadmin%2Fpedidos, autoridad=localhost [] {"uid":"b770c09"}
[2019-12-03 04:02:08] LA COMANDA LOGGER.INFO: metodo=POST, URI=http%3A%2F%2Flocalhost%2FTP%2Fpublic, RUTA=comandaORM%2Fpedidos, autoridad=localhost [] {"uid":"af6b628"}
[2019-12-03 04:02:09] LA COMANDA LOGGER.INFO: metodo=POST, URI=http%3A%2F%2Flocalhost%2FTP%2Fpublic, RUTA=comandaORM%2Fpedidos, autoridad=localhost [] {"uid":"c202847"}
[2019-12-03 04:03:22] LA COMANDA LOGGER.INFO: metodo=POST, URI=http%3A%2F%2Flocalhost%2FTP%2Fpublic, RUTA=comandaORM%2Fpedidos, autoridad=localhost [] {"uid":"248a337"}
[2019-12-03 04:03:28] LA COMANDA LOGGER.INFO: metodo=GET, URI=http%3A%2F%2Flocalhost%2FTP%2Fpublic, RUTA=comandaORM%2Fadmin%2Fpedidos, autoridad=localhost [] {"uid":"5ac99fa"}
[2019-12-03 04:03:47] LA COMANDA LOGGER.INFO: metodo=GET, URI=http%3A%2F%2Flocalhost%2FTP%2Fpublic, RUTA=comandaORM%2Fadmin%2Fpedidos, autoridad=localhost [] {"uid":"c66fc65"}
[2019-12-03 04:04:49] LA COMANDA LOGGER.INFO: metodo=GET, URI=http%3A%2F%2Flocalhost%2FTP%2Fpublic, RUTA=comandaORM%2Fadmin%2Fpedidos, autoridad=localhost [] {"uid":"6d41488"}
[2019-12-03 04:07:51] LA COMANDA LOGGER.INFO: metodo=GET, URI=http%3A%2F%2Flocalhost%2FTP%2Fpublic, RUTA=comandaORM%2Fadmin%2Fpedidos, autoridad=localhost [] {"uid":"7c5acb1"}
[2019-12-03 04:08:31] LA COMANDA LOGGER.INFO: metodo=GET, URI=http%3A%2F%2Flocalhost%2FTP%2Fpublic, RUTA=comandaORM%2Fadmin%2Fpedidos, autoridad=localhost [] {"uid":"623935f"}
[2019-12-03 04:15:57] LA COMANDA LOGGER.INFO: metodo=POST, URI=http%3A%2F%2Flocalhost%2FTP%2Fpublic, RUTA=comandaORM%2Fpedidos%2Fcobrar%2Ff2313, autoridad=localhost [] {"uid":"40cb755"}
[2019-12-03 04:17:13] LA COMANDA LOGGER.INFO: metodo=POST, URI=http%3A%2F%2Flocalhost%2FTP%2Fpublic, RUTA=comandaORM%2Fpedidos%2Fcobrar%2Ff2313, autoridad=localhost [] {"uid":"311d4f3"}
[2019-12-03 04:19:42] LA COMANDA LOGGER.INFO: metodo=POST, URI=http%3A%2F%2Flocalhost%2FTP%2Fpublic, RUTA=comandaORM%2Fpedidos%2Fcobrar%2Fa8040, autoridad=localhost [] {"uid":"94edd72"}
[2019-12-03 04:20:58] LA COMANDA LOGGER.INFO: metodo=GET, URI=http%3A%2F%2Flocalhost%2FTP%2Fpublic, RUTA=comandaORM%2Fpedidos%2Fentregar%2Fa8040, autoridad=localhost [] {"uid":"b428b7a"}
[2019-12-03 04:21:06] LA COMANDA LOGGER.INFO: metodo=POST, URI=http%3A%2F%2Flocalhost%2FTP%2Fpublic, RUTA=comandaORM%2Fpedidos%2Fentregar%2Fa8040, autoridad=localhost [] {"uid":"c1b161e"}
[2019-12-03 04:21:27] LA COMANDA LOGGER.INFO: metodo=POST, URI=http%3A%2F%2Flocalhost%2FTP%2Fpublic, RUTA=comandaORM%2Fpedidos%2Fentregar%2F18, autoridad=localhost [] {"uid":"5f194b4"}
[2019-12-03 04:22:58] LA COMANDA LOGGER.INFO: metodo=POST, URI=http%3A%2F%2Flocalhost%2FTP%2Fpublic, RUTA=comandaORM%2Fpedidos%2Fservir%2F18, autoridad=localhost [] {"uid":"f81b1ed"}
[2019-12-03 04:23:41] LA COMANDA LOGGER.INFO: metodo=GET, URI=http%3A%2F%2Flocalhost%2FTP%2Fpublic, RUTA=comandaORM%2Fadmin%2Fpedidos, autoridad=localhost [] {"uid":"6a2bb32"}
[2019-12-03 04:25:12] LA COMANDA LOGGER.INFO: metodo=GET, URI=http%3A%2F%2Flocalhost%2FTP%2Fpublic, RUTA=comandaORM%2Fadmin%2Fpedidos, autoridad=localhost [] {"uid":"53351b9"}
[2019-12-03 04:25:33] LA COMANDA LOGGER.INFO: metodo=GET, URI=http%3A%2F%2Flocalhost%2FTP%2Fpublic, RUTA=comandaORM%2Fadmin%2Fpedidos, autoridad=localhost [] {"uid":"d37e822"}
[2019-12-03 04:30:18] LA COMANDA LOGGER.INFO: metodo=GET, URI=http%3A%2F%2Flocalhost%2FTP%2Fpublic, RUTA=comandaORM%2Fadmin%2Fpedidos, autoridad=localhost [] {"uid":"c59910e"}
[2019-12-03 04:30:46] LA COMANDA LOGGER.INFO: metodo=GET, URI=http%3A%2F%2Flocalhost%2FTP%2Fpublic, RUTA=comandaORM%2Fadmin%2Fmesas, autoridad=localhost [] {"uid":"1e7fd04"}
[2019-12-03 04:34:17] LA COMANDA LOGGER.INFO: metodo=GET, URI=http%3A%2F%2Flocalhost%2FTP%2Fpublic, RUTA=comandaORM%2Fadmin%2Fmesas, autoridad=localhost [] {"uid":"718e235"}
[2019-12-03 04:35:33] LA COMANDA LOGGER.INFO: metodo=GET, URI=http%3A%2F%2Flocalhost%2FTP%2Fpublic, RUTA=comandaORM%2Fadmin%2Fmesas, autoridad=localhost [] {"uid":"34c62f5"}
[2019-12-03 04:35:58] LA COMANDA LOGGER.INFO: metodo=GET, URI=http%3A%2F%2Flocalhost%2FTP%2Fpublic, RUTA=comandaORM%2Fadmin%2Fmesas, autoridad=localhost [] {"uid":"2a10552"}
[2019-12-03 16:04:28] LA COMANDA LOGGER.INFO: metodo=GET, URI=http%3A%2F%2Flocalhost%2FTP%2Fpublic, RUTA=comandaORM%2Fadmin%2Fpedidos, autoridad=localhost [] {"uid":"4ebf961"}
[2019-12-03 16:04:54] LA COMANDA LOGGER.INFO: metodo=GET, URI=http%3A%2F%2Flocalhost%2FTP%2Fpublic, RUTA=comandaORM%2Fadmin%2Fpedidos, autoridad=localhost [] {"uid":"d30bad5"}
[2019-12-03 16:05:26] LA COMANDA LOGGER.INFO: metodo=GET, URI=http%3A%2F%2Flocalhost%2FTP%2Fpublic, RUTA=comandaORM%2Fadmin%2Fpedidos, autoridad=localhost [] {"uid":"30da5bd"}
[2019-12-03 16:05:32] LA COMANDA LOGGER.INFO: metodo=GET, URI=http%3A%2F%2Flocalhost%2FTP%2Fpublic, RUTA=comandaORM%2Fadmin%2Fpedidos, autoridad=localhost [] {"uid":"3b7faa9"}
[2019-12-03 16:05:48] LA COMANDA LOGGER.INFO: metodo=GET, URI=http%3A%2F%2Flocalhost%2FTP%2Fpublic, RUTA=comandaORM%2Fadmin%2Fpedidos, autoridad=localhost [] {"uid":"4bcf257"}
[2019-12-03 16:05:57] LA COMANDA LOGGER.INFO: metodo=GET, URI=http%3A%2F%2Flocalhost%2FTP%2Fpublic, RUTA=comandaORM%2Fadmin%2Fpedidos, autoridad=localhost [] {"uid":"d29edea"}
[2019-12-03 16:39:55] LA COMANDA LOGGER.INFO: metodo=GET, URI=http%3A%2F%2Flocalhost%2FTP%2Fpublic, RUTA=comandaORM%2Fadmin%2Fmesas, autoridad=localhost [] {"uid":"d371c01"}
[2019-12-03 16:40:33] LA COMANDA LOGGER.INFO: metodo=GET, URI=http%3A%2F%2Flocalhost%2FTP%2Fpublic, RUTA=comandaORM%2Fadmin%2Fmesas, autoridad=localhost [] {"uid":"fb50edc"}
[2019-12-03 16:40:47] LA COMANDA LOGGER.INFO: metodo=GET, URI=http%3A%2F%2Flocalhost%2FTP%2Fpublic, RUTA=comandaORM%2Fadmin%2Fmesas, autoridad=localhost [] {"uid":"743b7ed"}
[2019-12-03 16:41:55] LA COMANDA LOGGER.INFO: metodo=GET, URI=http%3A%2F%2Flocalhost%2FTP%2Fpublic, RUTA=comandaORM%2Fadmin%2Fmesas, autoridad=localhost [] {"uid":"c4f9b3f"}
[2019-12-03 16:43:38] LA COMANDA LOGGER.INFO: metodo=GET, URI=http%3A%2F%2Flocalhost%2FTP%2Fpublic, RUTA=comandaORM%2Fadmin%2Fmesas, autoridad=localhost [] {"uid":"bda477b"}
[2019-12-03 16:44:46] LA COMANDA LOGGER.INFO: metodo=GET, URI=http%3A%2F%2Flocalhost%2FTP%2Fpublic, RUTA=comandaORM%2Fadmin%2Fmesas, autoridad=localhost [] {"uid":"ec6c7aa"}
[2019-12-03 16:46:48] LA COMANDA LOGGER.INFO: metodo=GET, URI=http%3A%2F%2Flocalhost%2FTP%2Fpublic, RUTA=comandaORM%2Fadmin%2Fmesas, autoridad=localhost [] {"uid":"e64a77d"}
[2019-12-03 16:47:03] LA COMANDA LOGGER.INFO: metodo=GET, URI=http%3A%2F%2Flocalhost%2FTP%2Fpublic, RUTA=comandaORM%2Fadmin%2Fmesas, autoridad=localhost [] {"uid":"b96dc66"}
[2019-12-03 16:47:10] LA COMANDA LOGGER.INFO: metodo=GET, URI=http%3A%2F%2Flocalhost%2FTP%2Fpublic, RUTA=comandaORM%2Fadmin%2Fmesas, autoridad=localhost [] {"uid":"47e87a0"}
[2019-12-03 16:47:25] LA COMANDA LOGGER.INFO: metodo=GET, URI=http%3A%2F%2Flocalhost%2FTP%2Fpublic, RUTA=comandaORM%2Fadmin%2Fmesas, autoridad=localhost [] {"uid":"555665a"}
[2019-12-03 16:47:56] LA COMANDA LOGGER.INFO: metodo=GET, URI=http%3A%2F%2Flocalhost%2FTP%2Fpublic, RUTA=comandaORM%2Fadmin%2Fmesas, autoridad=localhost [] {"uid":"92a38b7"}
[2019-12-03 16:48:28] LA COMANDA LOGGER.INFO: metodo=GET, URI=http%3A%2F%2Flocalhost%2FTP%2Fpublic, RUTA=comandaORM%2Fadmin%2Fmesas, autoridad=localhost [] {"uid":"ddc04e7"}
[2019-12-03 16:52:25] LA COMANDA LOGGER.INFO: metodo=GET, URI=http%3A%2F%2Flocalhost%2FTP%2Fpublic, RUTA=comandaORM%2Fadmin%2Fmesas, autoridad=localhost [] {"uid":"ac13db1"}
[2019-12-03 16:54:29] LA COMANDA LOGGER.INFO: metodo=GET, URI=http%3A%2F%2Flocalhost%2FTP%2Fpublic, RUTA=comandaORM%2Fadmin%2Fmesas, autoridad=localhost [] {"uid":"9200281"}
[2019-12-03 16:55:10] LA COMANDA LOGGER.INFO: metodo=GET, URI=http%3A%2F%2Flocalhost%2FTP%2Fpublic, RUTA=comandaORM%2Fadmin%2Fmesas, autoridad=localhost [] {"uid":"079b66d"}
[2019-12-03 16:55:31] LA COMANDA LOGGER.INFO: metodo=GET, URI=http%3A%2F%2Flocalhost%2FTP%2Fpublic, RUTA=comandaORM%2Fadmin%2Fmesas, autoridad=localhost [] {"uid":"de53941"}
[2019-12-03 16:55:38] LA COMANDA LOGGER.INFO: metodo=GET, URI=http%3A%2F%2Flocalhost%2FTP%2Fpublic, RUTA=comandaORM%2Fadmin%2Fmesas, autoridad=localhost [] {"uid":"5ce04b0"}
[2019-12-03 16:55:51] LA COMANDA LOGGER.INFO: metodo=GET, URI=http%3A%2F%2Flocalhost%2FTP%2Fpublic, RUTA=comandaORM%2Fadmin%2Fmesas, autoridad=localhost [] {"uid":"f63070e"}
[2019-12-03 16:56:08] LA COMANDA LOGGER.INFO: metodo=GET, URI=http%3A%2F%2Flocalhost%2FTP%2Fpublic, RUTA=comandaORM%2Fadmin%2Fmesas, autoridad=localhost [] {"uid":"f1eee91"}
[2019-12-03 16:58:59] LA COMANDA LOGGER.INFO: metodo=GET, URI=http%3A%2F%2Flocalhost%2FTP%2Fpublic, RUTA=comandaORM%2Fadmin%2Fmesas, autoridad=localhost [] {"uid":"b910cb0"}
[2019-12-03 16:59:39] LA COMANDA LOGGER.INFO: metodo=GET, URI=http%3A%2F%2Flocalhost%2FTP%2Fpublic, RUTA=comandaORM%2Fadmin%2Fmesas, autoridad=localhost [] {"uid":"d39c503"}
[2019-12-03 16:59:42] LA COMANDA LOGGER.INFO: metodo=GET, URI=http%3A%2F%2Flocalhost%2FTP%2Fpublic, RUTA=comandaORM%2Fadmin%2Fmesas, autoridad=localhost [] {"uid":"0b3c6d9"}
[2019-12-03 17:02:00] LA COMANDA LOGGER.INFO: metodo=GET, URI=http%3A%2F%2Flocalhost%2FTP%2Fpublic, RUTA=comandaORM%2Fadmin%2Fmesas, autoridad=localhost [] {"uid":"65b160c"}
[2019-12-03 17:02:33] LA COMANDA LOGGER.INFO: metodo=GET, URI=http%3A%2F%2Flocalhost%2FTP%2Fpublic, RUTA=comandaORM%2Fadmin%2Fmesas, autoridad=localhost [] {"uid":"325afca"}
[2019-12-03 17:02:34] LA COMANDA LOGGER.INFO: metodo=GET, URI=http%3A%2F%2Flocalhost%2FTP%2Fpublic, RUTA=comandaORM%2Fadmin%2Fmesas, autoridad=localhost [] {"uid":"e0cb9e6"}
[2019-12-03 17:03:59] LA COMANDA LOGGER.INFO: metodo=GET, URI=http%3A%2F%2Flocalhost%2FTP%2Fpublic, RUTA=comandaORM%2Fadmin%2Fmesas, autoridad=localhost [] {"uid":"27114e8"}
[2019-12-03 17:04:28] LA COMANDA LOGGER.INFO: metodo=GET, URI=http%3A%2F%2Flocalhost%2FTP%2Fpublic, RUTA=comandaORM%2Fadmin%2Fmesas, autoridad=localhost [] {"uid":"2aa01fb"}
[2019-12-03 17:04:34] LA COMANDA LOGGER.INFO: metodo=GET, URI=http%3A%2F%2Flocalhost%2FTP%2Fpublic, RUTA=comandaORM%2Fadmin%2Fmesas, autoridad=localhost [] {"uid":"372f56f"}
[2019-12-03 17:05:38] LA COMANDA LOGGER.INFO: metodo=GET, URI=http%3A%2F%2Flocalhost%2FTP%2Fpublic, RUTA=comandaORM%2Fadmin%2Fmesas, autoridad=localhost [] {"uid":"54ddfc1"}
[2019-12-03 17:05:51] LA COMANDA LOGGER.INFO: metodo=GET, URI=http%3A%2F%2Flocalhost%2FTP%2Fpublic, RUTA=comandaORM%2Fadmin%2Fmesas, autoridad=localhost [] {"uid":"6ba949f"}
[2019-12-03 17:06:12] LA COMANDA LOGGER.INFO: metodo=GET, URI=http%3A%2F%2Flocalhost%2FTP%2Fpublic, RUTA=comandaORM%2Fadmin%2Fmesas, autoridad=localhost [] {"uid":"f2a3e21"}
[2019-12-03 17:06:21] LA COMANDA LOGGER.INFO: metodo=GET, URI=http%3A%2F%2Flocalhost%2FTP%2Fpublic, RUTA=comandaORM%2Fadmin%2Fmesas, autoridad=localhost [] {"uid":"bcf8566"}
[2019-12-03 17:06:36] LA COMANDA LOGGER.INFO: metodo=GET, URI=http%3A%2F%2Flocalhost%2FTP%2Fpublic, RUTA=comandaORM%2Fadmin%2Fmesas, autoridad=localhost [] {"uid":"74d6c88"}
[2019-12-03 17:06:46] LA COMANDA LOGGER.INFO: metodo=GET, URI=http%3A%2F%2Flocalhost%2FTP%2Fpublic, RUTA=comandaORM%2Fadmin%2Fmesas, autoridad=localhost [] {"uid":"7f4240b"}
[2019-12-03 17:06:54] LA COMANDA LOGGER.INFO: metodo=GET, URI=http%3A%2F%2Flocalhost%2FTP%2Fpublic, RUTA=comandaORM%2Fadmin%2Fmesas, autoridad=localhost [] {"uid":"fbae39b"}
[2019-12-03 17:07:10] LA COMANDA LOGGER.INFO: metodo=GET, URI=http%3A%2F%2Flocalhost%2FTP%2Fpublic, RUTA=comandaORM%2Fadmin%2Fmesas, autoridad=localhost [] {"uid":"b126a25"}
[2019-12-03 17:07:35] LA COMANDA LOGGER.INFO: metodo=GET, URI=http%3A%2F%2Flocalhost%2FTP%2Fpublic, RUTA=comandaORM%2Fadmin%2Fmesas, autoridad=localhost [] {"uid":"d79a356"}
[2019-12-03 17:07:42] LA COMANDA LOGGER.INFO: metodo=GET, URI=http%3A%2F%2Flocalhost%2FTP%2Fpublic, RUTA=comandaORM%2Fadmin%2Fmesas, autoridad=localhost [] {"uid":"ae9ff32"}
[2019-12-03 17:07:47] LA COMANDA LOGGER.INFO: metodo=GET, URI=http%3A%2F%2Flocalhost%2FTP%2Fpublic, RUTA=comandaORM%2Fadmin%2Fmesas, autoridad=localhost [] {"uid":"6634278"}
[2019-12-03 17:08:05] LA COMANDA LOGGER.INFO: metodo=GET, URI=http%3A%2F%2Flocalhost%2FTP%2Fpublic, RUTA=comandaORM%2Fadmin%2Fmesas, autoridad=localhost [] {"uid":"ec81134"}
[2019-12-03 17:08:12] LA COMANDA LOGGER.INFO: metodo=GET, URI=http%3A%2F%2Flocalhost%2FTP%2Fpublic, RUTA=comandaORM%2Fadmin%2Fmesas, autoridad=localhost [] {"uid":"c990793"}
[2019-12-03 17:08:14] LA COMANDA LOGGER.INFO: metodo=GET, URI=http%3A%2F%2Flocalhost%2FTP%2Fpublic, RUTA=comandaORM%2Fadmin%2Fmesas, autoridad=localhost [] {"uid":"76ca391"}
[2019-12-03 17:08:21] LA COMANDA LOGGER.INFO: metodo=GET, URI=http%3A%2F%2Flocalhost%2FTP%2Fpublic, RUTA=comandaORM%2Fadmin%2Fmesas, autoridad=localhost [] {"uid":"bc00c89"}
[2019-12-03 17:09:06] LA COMANDA LOGGER.INFO: metodo=GET, URI=http%3A%2F%2Flocalhost%2FTP%2Fpublic, RUTA=comandaORM%2Fadmin%2Fmesas, autoridad=localhost [] {"uid":"27637f4"}
[2019-12-03 17:09:12] LA COMANDA LOGGER.INFO: metodo=GET, URI=http%3A%2F%2Flocalhost%2FTP%2Fpublic, RUTA=comandaORM%2Fadmin%2Fmesas, autoridad=localhost [] {"uid":"47810c7"}
[2019-12-03 17:10:07] LA COMANDA LOGGER.INFO: metodo=GET, URI=http%3A%2F%2Flocalhost%2FTP%2Fpublic, RUTA=comandaORM%2Fadmin%2Fmesas, autoridad=localhost [] {"uid":"c6ca97a"}
[2019-12-03 17:10:08] LA COMANDA LOGGER.INFO: metodo=GET, URI=http%3A%2F%2Flocalhost%2FTP%2Fpublic, RUTA=comandaORM%2Fadmin%2Fmesas, autoridad=localhost [] {"uid":"f538708"}
[2019-12-03 17:10:23] LA COMANDA LOGGER.INFO: metodo=GET, URI=http%3A%2F%2Flocalhost%2FTP%2Fpublic, RUTA=comandaORM%2Fadmin%2Fmesas, autoridad=localhost [] {"uid":"3d12beb"}
[2019-12-03 17:14:28] LA COMANDA LOGGER.INFO: metodo=GET, URI=http%3A%2F%2Flocalhost%2FTP%2Fpublic, RUTA=comandaORM%2Fadmin%2Fmesas, autoridad=localhost [] {"uid":"df725ed"}
[2019-12-03 17:14:42] LA COMANDA LOGGER.INFO: metodo=GET, URI=http%3A%2F%2Flocalhost%2FTP%2Fpublic, RUTA=comandaORM%2Fadmin%2Fmesas, autoridad=localhost [] {"uid":"04f877f"}
[2019-12-03 17:15:04] LA COMANDA LOGGER.INFO: metodo=GET, URI=http%3A%2F%2Flocalhost%2FTP%2Fpublic, RUTA=comandaORM%2Fadmin%2Fmesas, autoridad=localhost [] {"uid":"ebfd300"}
[2019-12-03 17:15:40] LA COMANDA LOGGER.INFO: metodo=GET, URI=http%3A%2F%2Flocalhost%2FTP%2Fpublic, RUTA=comandaORM%2Fadmin%2Fmesas, autoridad=localhost [] {"uid":"c6532a7"}
[2019-12-03 17:16:07] LA COMANDA LOGGER.INFO: metodo=GET, URI=http%3A%2F%2Flocalhost%2FTP%2Fpublic, RUTA=comandaORM%2Fadmin%2Fmesas, autoridad=localhost [] {"uid":"32f9f34"}
[2019-12-03 17:16:15] LA COMANDA LOGGER.INFO: metodo=GET, URI=http%3A%2F%2Flocalhost%2FTP%2Fpublic, RUTA=comandaORM%2Fadmin%2Fmesas, autoridad=localhost [] {"uid":"720279c"}
[2019-12-03 17:16:15] LA COMANDA LOGGER.INFO: metodo=GET, URI=http%3A%2F%2Flocalhost%2FTP%2Fpublic, RUTA=comandaORM%2Fadmin%2Fmesas, autoridad=localhost [] {"uid":"52e8a45"}
[2019-12-03 17:16:16] LA COMANDA LOGGER.INFO: metodo=GET, URI=http%3A%2F%2Flocalhost%2FTP%2Fpublic, RUTA=comandaORM%2Fadmin%2Fmesas, autoridad=localhost [] {"uid":"3c51e9f"}
[2019-12-03 17:16:36] LA COMANDA LOGGER.INFO: metodo=GET, URI=http%3A%2F%2Flocalhost%2FTP%2Fpublic, RUTA=comandaORM%2Fadmin%2Fmesas, autoridad=localhost [] {"uid":"6fb2709"}
[2019-12-03 17:16:58] LA COMANDA LOGGER.INFO: metodo=GET, URI=http%3A%2F%2Flocalhost%2FTP%2Fpublic, RUTA=comandaORM%2Fadmin%2Fmesas, autoridad=localhost [] {"uid":"a2c6fee"}
[2019-12-03 17:17:39] LA COMANDA LOGGER.INFO: metodo=GET, URI=http%3A%2F%2Flocalhost%2FTP%2Fpublic, RUTA=comandaORM%2Fadmin%2Fmesas, autoridad=localhost [] {"uid":"33ccce6"}
[2019-12-03 17:28:22] LA COMANDA LOGGER.INFO: metodo=POST, URI=http%3A%2F%2Flocalhost%2FTP%2Fpublic, RUTA=comandaORM%2Fpedidos, autoridad=localhost [] {"uid":"70a4993"}
[2019-12-03 17:28:50] LA COMANDA LOGGER.INFO: metodo=POST, URI=http%3A%2F%2Flocalhost%2FTP%2Fpublic, RUTA=comandaORM%2Fpedidos, autoridad=localhost [] {"uid":"41b23c9"}
[2019-12-03 17:29:01] LA COMANDA LOGGER.INFO: metodo=POST, URI=http%3A%2F%2Flocalhost%2FTP%2Fpublic, RUTA=comandaORM%2Fpedidos, autoridad=localhost [] {"uid":"9c4fc97"}
[2019-12-03 17:29:27] LA COMANDA LOGGER.INFO: metodo=POST, URI=http%3A%2F%2Flocalhost%2FTP%2Fpublic, RUTA=comandaORM%2Fpedidos, autoridad=localhost [] {"uid":"3cd1065"}
[2019-12-03 17:30:12] LA COMANDA LOGGER.INFO: metodo=POST, URI=http%3A%2F%2Flocalhost%2FTP%2Fpublic, RUTA=comandaORM%2Fpedidos, autoridad=localhost [] {"uid":"351e04e"}
[2019-12-03 17:30:39] LA COMANDA LOGGER.INFO: metodo=POST, URI=http%3A%2F%2Flocalhost%2FTP%2Fpublic, RUTA=comandaORM%2Fpedidos, autoridad=localhost [] {"uid":"cb42bcd"}
[2019-12-03 17:31:16] LA COMANDA LOGGER.INFO: metodo=POST, URI=http%3A%2F%2Flocalhost%2FTP%2Fpublic, RUTA=comandaORM%2Fpedidos, autoridad=localhost [] {"uid":"aef4434"}
[2019-12-03 18:19:12] LA COMANDA LOGGER.INFO: metodo=POST, URI=http%3A%2F%2Flocalhost%2FTP%2Fpublic, RUTA=comandaORM%2Fpedidos, autoridad=localhost [] {"uid":"5de0c55"}
[2019-12-03 18:19:58] LA COMANDA LOGGER.INFO: metodo=POST, URI=http%3A%2F%2Flocalhost%2FTP%2Fpublic, RUTA=comandaORM%2Fpedidos, autoridad=localhost [] {"uid":"34bac6a"}
[2019-12-03 18:21:58] LA COMANDA LOGGER.INFO: metodo=POST, URI=http%3A%2F%2Flocalhost%2FTP%2Fpublic, RUTA=comandaORM%2Fpedidos, autoridad=localhost [] {"uid":"408ba66"}
[2019-12-03 18:22:38] LA COMANDA LOGGER.INFO: metodo=POST, URI=http%3A%2F%2Flocalhost%2FTP%2Fpublic, RUTA=comandaORM%2Fpedidos, autoridad=localhost [] {"uid":"3a82e96"}
[2019-12-03 18:36:26] LA COMANDA LOGGER.INFO: metodo=GET, URI=http%3A%2F%2Flocalhost%2FTP%2Fpublic, RUTA=comandaORM%2Fadmin%2Fmesas, autoridad=localhost [] {"uid":"3326b6b"}
[2019-12-03 18:36:35] LA COMANDA LOGGER.INFO: metodo=GET, URI=http%3A%2F%2Flocalhost%2FTP%2Fpublic, RUTA=comandaORM%2Fadmin%2Fmesas, autoridad=localhost [] {"uid":"af10187"}
[2019-12-03 18:36:38] LA COMANDA LOGGER.INFO: metodo=GET, URI=http%3A%2F%2Flocalhost%2FTP%2Fpublic, RUTA=comandaORM%2Fadmin%2Fmesas, autoridad=localhost [] {"uid":"9ad8cb9"}
[2019-12-03 18:36:51] LA COMANDA LOGGER.INFO: metodo=GET, URI=http%3A%2F%2Flocalhost%2FTP%2Fpublic, RUTA=comandaORM%2Fadmin%2Fmesas, autoridad=localhost [] {"uid":"c8aa5cd"}
[2019-12-03 18:37:00] LA COMANDA LOGGER.INFO: metodo=GET, URI=http%3A%2F%2Flocalhost%2FTP%2Fpublic, RUTA=comandaORM%2Fadmin%2Fmesas, autoridad=localhost [] {"uid":"b41ce38"}
[2019-12-03 18:37:11] LA COMANDA LOGGER.INFO: metodo=GET, URI=http%3A%2F%2Flocalhost%2FTP%2Fpublic, RUTA=comandaORM%2Fadmin%2Fmesas, autoridad=localhost [] {"uid":"6f7c82b"}
[2019-12-03 19:59:18] LA COMANDA LOGGER.INFO: metodo=POST, URI=http%3A%2F%2Flocalhost%2FTP%2Fpublic, RUTA=comandaORM%2Fpedidos, autoridad=localhost [] {"uid":"203d087"}
[2019-12-03 19:59:49] LA COMANDA LOGGER.INFO: metodo=POST, URI=http%3A%2F%2Flocalhost%2FTP%2Fpublic, RUTA=comandaORM%2Fempleados%2Flogin, autoridad=localhost [] {"uid":"b7f7468"}
[2019-12-03 19:59:57] LA COMANDA LOGGER.INFO: metodo=POST, URI=http%3A%2F%2Flocalhost%2FTP%2Fpublic, RUTA=comandaORM%2Fpedidos, autoridad=localhost [] {"uid":"559b599"}
[2019-12-03 20:17:50] LA COMANDA LOGGER.INFO: metodo=POST, URI=http%3A%2F%2Flocalhost%2FTP%2Fpublic, RUTA=comandaORM%2Fpedidos%2Fpreparar%2F51, autoridad=localhost [] {"uid":"6d5964c"}
[2019-12-03 20:18:14] LA COMANDA LOGGER.INFO: metodo=POST, URI=http%3A%2F%2Flocalhost%2FTP%2Fpublic, RUTA=comandaORM%2Fpedidos%2Fpreparar%2F51, autoridad=localhost [] {"uid":"7914b57"}
[2019-12-03 20:19:49] LA COMANDA LOGGER.INFO: metodo=POST, URI=http%3A%2F%2Flocalhost%2FTP%2Fpublic, RUTA=comandaORM%2Fpedidos%2Fpreparar%2F51, autoridad=localhost [] {"uid":"6140e59"}
[2019-12-03 20:26:45] LA COMANDA LOGGER.INFO: metodo=POST, URI=http%3A%2F%2Flocalhost%2FTP%2Fpublic, RUTA=comandaORM%2Fmesas%2Fcerrar%2F2, autoridad=localhost [] {"uid":"d1aaf6c"}
[2019-12-03 20:31:21] LA COMANDA LOGGER.INFO: metodo=GET, URI=http%3A%2F%2Flocalhost%2FTP%2Fpublic, RUTA=comandaORM%2Fadmin%2Fmesas, autoridad=localhost [] {"uid":"5b9a44a"}
